[0.055s] Invoking command in '/home/frederik/git/20gr560/ros_ws/src/build/tpod_driver': /usr/bin/cmake /home/frederik/git/20gr560/ros_ws/src/tpod_driver-master -DCATKIN_INSTALL_INTO_PREFIX_ROOT=0 -DCATKIN_SYMLINK_INSTALL=ON -DCMAKE_INSTALL_PREFIX=/home/frederik/git/20gr560/ros_ws/src/install/tpod_driver
[0.138s] CMake Error at CMakeLists.txt:10 (find_package):
[0.138s]   By not providing "Findcatkin.cmake" in CMAKE_MODULE_PATH this project has
[0.138s]   asked CMake to find a package configuration file provided by "catkin", but
[0.138s]   CMake did not find one.
[0.138s] 
[0.139s]   Could not find a package configuration file provided by "catkin" with any
[0.139s]   of the following names:
[0.139s] 
[0.139s]     catkinConfig.cmake
[0.139s]     catkin-config.cmake
[0.139s] 
[0.139s]   Add the installation prefix of "catkin" to CMAKE_PREFIX_PATH or set
[0.140s]   "catkin_DIR" to a directory containing one of the above files.  If "catkin"
[0.140s]   provides a separate development package or SDK, be sure it has been
[0.141s]   installed.
[0.142s] 
[0.142s] 
[0.143s] -- Configuring incomplete, errors occurred!
[0.143s] See also "/home/frederik/git/20gr560/ros_ws/src/build/tpod_driver/CMakeFiles/CMakeOutput.log".
[0.144s] Invoked command in '/home/frederik/git/20gr560/ros_ws/src/build/tpod_driver' returned '1': /usr/bin/cmake /home/frederik/git/20gr560/ros_ws/src/tpod_driver-master -DCATKIN_INSTALL_INTO_PREFIX_ROOT=0 -DCATKIN_SYMLINK_INSTALL=ON -DCMAKE_INSTALL_PREFIX=/home/frederik/git/20gr560/ros_ws/src/install/tpod_driver
[0.174s] Traceback (most recent call last):
  File "/usr/lib/python3/dist-packages/colcon_core/executor/__init__.py", line 91, in __call__
    rc = await self.task(*args, **kwargs)
  File "/usr/lib/python3/dist-packages/colcon_core/task/__init__.py", line 93, in __call__
    return await task_method(*args, **kwargs)
  File "/usr/lib/python3/dist-packages/colcon_ros/task/catkin/build.py", line 82, in build
    if await has_target(args.build_base, 'install'):
  File "/usr/lib/python3/dist-packages/colcon_cmake/task/cmake/__init__.py", line 57, in has_target
    return target in await get_makefile_targets(path)
  File "/usr/lib/python3/dist-packages/colcon_cmake/task/cmake/__init__.py", line 77, in get_makefile_targets
    output = await check_output([
  File "/usr/lib/python3/dist-packages/colcon_core/subprocess.py", line 109, in check_output
    assert not rc, \
AssertionError: Expected ['/usr/bin/cmake', '--build', '/home/frederik/git/20gr560/ros_ws/src/build/tpod_driver', '--target', 'help'] to pass: make: *** No rule to make target 'help'.  Stop.

