[0.000000] (-) TimerEvent: {}
[0.000552] (subpub) JobQueued: {'identifier': 'subpub', 'dependencies': OrderedDict()}
[0.000707] (subpub) JobStarted: {'identifier': 'subpub'}
[0.008468] (subpub) JobProgress: {'identifier': 'subpub', 'progress': 'cmake'}
[0.009007] (subpub) JobProgress: {'identifier': 'subpub', 'progress': 'build'}
[0.009530] (subpub) Command: {'cmd': ['/usr/bin/cmake', '--build', '/home/vdr/ros2/build/subpub', '--', '-j8', '-l8'], 'cwd': '/home/vdr/ros2/build/subpub', 'env': OrderedDict([('LESSOPEN', '| /usr/bin/lesspipe %s'), ('USER', 'vdr'), ('LANGUAGE', 'en_US:en'), ('TEXTDOMAIN', 'im-config'), ('XDG_SEAT', 'seat0'), ('SSH_AGENT_PID', '3207'), ('XDG_SESSION_TYPE', 'x11'), ('LD_LIBRARY_PATH', '/opt/ros/dashing/opt/yaml_cpp_vendor/lib:/opt/ros/dashing/opt/rviz_ogre_vendor/lib:/opt/ros/dashing/lib'), ('SHLVL', '1'), ('OLDPWD', '/home/vdr'), ('QT4_IM_MODULE', 'xim'), ('HOME', '/home/vdr'), ('DESKTOP_SESSION', 'ubuntu'), ('GIO_LAUNCHED_DESKTOP_FILE', '/etc/xdg/autostart/org.gnome.SettingsDaemon.MediaKeys.desktop'), ('GNOME_SHELL_SESSION_MODE', 'ubuntu'), ('GTK_MODULES', 'gail:atk-bridge'), ('ROS_PYTHON_VERSION', '3'), ('DBUS_SESSION_BUS_ADDRESS', 'unix:path=/run/user/1000/bus'), ('COLORTERM', 'truecolor'), ('GIO_LAUNCHED_DESKTOP_FILE_PID', '3421'), ('TERMINATOR_DBUS_NAME', 'net.tenshu.Terminator20x1a6021154d881c'), ('_colcon_cd_root', '/home/vdr/ros2_install'), ('IM_CONFIG_PHASE', '2'), ('ROS_DISTRO', 'dashing'), ('LOGNAME', 'vdr'), ('GTK_IM_MODULE', 'ibus'), ('DESKTOP_AUTOSTART_ID', '10650105db744facd116049972446114300000031120007'), ('_', '/usr/bin/colcon'), ('ROS_VERSION', '2'), ('USERNAME', 'vdr'), ('XDG_SESSION_ID', '2'), ('TERM', 'xterm-256color'), ('GNOME_DESKTOP_SESSION_ID', 'this-is-deprecated'), ('WINDOWPATH', '2'), ('PATH', '/opt/ros/dashing/bin:/usr/local/sbin:/usr/local/bin:/usr/sbin:/usr/bin:/sbin:/bin:/usr/games:/usr/local/games:/snap/bin'), ('SESSION_MANAGER', 'local/vdr-GV62-8RC:@/tmp/.ICE-unix/3112,unix/vdr-GV62-8RC:/tmp/.ICE-unix/3112'), ('XDG_MENU_PREFIX', 'gnome-'), ('XDG_RUNTIME_DIR', '/run/user/1000'), ('DISPLAY', ':0'), ('LANG', 'en_US.UTF-8'), ('TERMINATOR_DBUS_PATH', '/net/tenshu/Terminator2'), ('XDG_CURRENT_DESKTOP', 'ubuntu:GNOME'), ('LS_COLORS', 'rs=0:di=01;34:ln=01;36:mh=00:pi=40;33:so=01;35:do=01;35:bd=40;33;01:cd=40;33;01:or=40;31;01:mi=00:su=37;41:sg=30;43:ca=30;41:tw=30;42:ow=34;42:st=37;44:ex=01;32:*.tar=01;31:*.tgz=01;31:*.arc=01;31:*.arj=01;31:*.taz=01;31:*.lha=01;31:*.lz4=01;31:*.lzh=01;31:*.lzma=01;31:*.tlz=01;31:*.txz=01;31:*.tzo=01;31:*.t7z=01;31:*.zip=01;31:*.z=01;31:*.Z=01;31:*.dz=01;31:*.gz=01;31:*.lrz=01;31:*.lz=01;31:*.lzo=01;31:*.xz=01;31:*.zst=01;31:*.tzst=01;31:*.bz2=01;31:*.bz=01;31:*.tbz=01;31:*.tbz2=01;31:*.tz=01;31:*.deb=01;31:*.rpm=01;31:*.jar=01;31:*.war=01;31:*.ear=01;31:*.sar=01;31:*.rar=01;31:*.alz=01;31:*.ace=01;31:*.zoo=01;31:*.cpio=01;31:*.7z=01;31:*.rz=01;31:*.cab=01;31:*.wim=01;31:*.swm=01;31:*.dwm=01;31:*.esd=01;31:*.jpg=01;35:*.jpeg=01;35:*.mjpg=01;35:*.mjpeg=01;35:*.gif=01;35:*.bmp=01;35:*.pbm=01;35:*.pgm=01;35:*.ppm=01;35:*.tga=01;35:*.xbm=01;35:*.xpm=01;35:*.tif=01;35:*.tiff=01;35:*.png=01;35:*.svg=01;35:*.svgz=01;35:*.mng=01;35:*.pcx=01;35:*.mov=01;35:*.mpg=01;35:*.mpeg=01;35:*.m2v=01;35:*.mkv=01;35:*.webm=01;35:*.ogm=01;35:*.mp4=01;35:*.m4v=01;35:*.mp4v=01;35:*.vob=01;35:*.qt=01;35:*.nuv=01;35:*.wmv=01;35:*.asf=01;35:*.rm=01;35:*.rmvb=01;35:*.flc=01;35:*.avi=01;35:*.fli=01;35:*.flv=01;35:*.gl=01;35:*.dl=01;35:*.xcf=01;35:*.xwd=01;35:*.yuv=01;35:*.cgm=01;35:*.emf=01;35:*.ogv=01;35:*.ogx=01;35:*.aac=00;36:*.au=00;36:*.flac=00;36:*.m4a=00;36:*.mid=00;36:*.midi=00;36:*.mka=00;36:*.mp3=00;36:*.mpc=00;36:*.ogg=00;36:*.ra=00;36:*.wav=00;36:*.oga=00;36:*.opus=00;36:*.spx=00;36:*.xspf=00;36:'), ('XDG_SESSION_DESKTOP', 'ubuntu'), ('XMODIFIERS', '@im=ibus'), ('XAUTHORITY', '/run/user/1000/gdm/Xauthority'), ('AMENT_PREFIX_PATH', '/opt/ros/dashing'), ('SSH_AUTH_SOCK', '/run/user/1000/keyring/ssh'), ('TERMINATOR_UUID', 'urn:uuid:04e2260c-2953-4d8a-ba24-5752f370bea5'), ('SHELL', '/bin/bash'), ('QT_ACCESSIBILITY', '1'), ('GDMSESSION', 'ubuntu'), ('LESSCLOSE', '/usr/bin/lesspipe %s %s'), ('TEXTDOMAINDIR', '/usr/share/locale/'), ('GPG_AGENT_INFO', '/run/user/1000/gnupg/S.gpg-agent:0:1'), ('XDG_VTNR', '2'), ('QT_IM_MODULE', 'ibus'), ('PWD', '/home/vdr/ros2/build/subpub'), ('CLUTTER_IM_MODULE', 'xim'), ('XDG_DATA_DIRS', '/usr/share/ubuntu:/usr/local/share/:/usr/share/:/var/lib/snapd/desktop'), ('XDG_CONFIG_DIRS', '/etc/xdg/xdg-ubuntu:/etc/xdg'), ('PYTHONPATH', '/opt/ros/dashing/lib/python3.6/site-packages'), ('COLCON', '1'), ('VTE_VERSION', '5202'), ('CMAKE_PREFIX_PATH', '/opt/ros/dashing')]), 'shell': False}
[0.047404] (subpub) StdoutLine: {'line': b'\x1b[35m\x1b[1mScanning dependencies of target scanner\x1b[0m\n'}
[0.059661] (subpub) StdoutLine: {'line': b'[ 66%] Built target talker\n'}
[0.059854] (subpub) StdoutLine: {'line': b'[ 66%] Built target listener\n'}
[0.066194] (subpub) StdoutLine: {'line': b'[ 83%] \x1b[32mBuilding CXX object CMakeFiles/scanner.dir/src/scanner.cpp.o\x1b[0m\n'}
[0.099371] (-) TimerEvent: {}
[0.123344] (subpub) StderrLine: {'line': b'\x1b[01m\x1b[K/home/vdr/ros2/src/subpub/src/scanner.cpp:52:0:\x1b[m\x1b[K \x1b[01;31m\x1b[Kerror: \x1b[m\x1b[Kunterminated argument list invoking macro "RCLCPP_INFO"\n'}
[0.123520] (subpub) StderrLine: {'line': b' }\n'}
[0.123585] (subpub) StderrLine: {'line': b' \n'}
[0.199491] (-) TimerEvent: {}
[0.299760] (-) TimerEvent: {}
[0.400002] (-) TimerEvent: {}
[0.500275] (-) TimerEvent: {}
[0.600649] (-) TimerEvent: {}
[0.701063] (-) TimerEvent: {}
[0.765320] (subpub) StderrLine: {'line': b'\x1b[01m\x1b[K/home/vdr/ros2/src/subpub/src/scanner.cpp:20:22:\x1b[m\x1b[K \x1b[01;31m\x1b[Kerror: \x1b[m\x1b[KISO C++ forbids declaration of \xe2\x80\x98\x1b[01m\x1b[KMinimalPublisher\x1b[m\x1b[K\xe2\x80\x99 with no type [\x1b[01;31m\x1b[K-fpermissive\x1b[m\x1b[K]\n'}
[0.765523] (subpub) StderrLine: {'line': b'     MinimalPublisher(\x1b[01;31m\x1b[K)\x1b[m\x1b[K\n'}
[0.765589] (subpub) StderrLine: {'line': b'                      \x1b[01;31m\x1b[K^\x1b[m\x1b[K\n'}
[0.777687] (subpub) StderrLine: {'line': b'\x1b[01m\x1b[K/home/vdr/ros2/src/subpub/src/scanner.cpp:39:9:\x1b[m\x1b[K \x1b[01;31m\x1b[Kerror: \x1b[m\x1b[Kexpected \xe2\x80\x98\x1b[01m\x1b[K}\x1b[m\x1b[K\xe2\x80\x99 at end of input\n'}
[0.777849] (subpub) StderrLine: {'line': b'         \x1b[01;31m\x1b[KRCLCPP_INFO\x1b[m\x1b[K(this->get_logger(), "Publishing: \'%f\'", message.data;\n'}
[0.777959] (subpub) StderrLine: {'line': b'         \x1b[01;31m\x1b[K^~~~~~~~~~~\x1b[m\x1b[K\n'}
[0.791764] (subpub) StderrLine: {'line': b'\x1b[01m\x1b[K/home/vdr/ros2/src/subpub/src/scanner.cpp:\x1b[m\x1b[K In member function \xe2\x80\x98\x1b[01m\x1b[Kint MinimalSubscriber::MinimalPublisher()\x1b[m\x1b[K\xe2\x80\x99:\n'}
[0.791920] (subpub) StderrLine: {'line': b'\x1b[01m\x1b[K/home/vdr/ros2/src/subpub/src/scanner.cpp:21:15:\x1b[m\x1b[K \x1b[01;31m\x1b[Kerror: \x1b[m\x1b[Konly constructors take member initializers\n'}
[0.791987] (subpub) StderrLine: {'line': b'             : \x1b[01;31m\x1b[KNode\x1b[m\x1b[K("minimal_publisher"), count_(0)\n'}
[0.792046] (subpub) StderrLine: {'line': b'               \x1b[01;31m\x1b[K^~~~\x1b[m\x1b[K\n'}
[0.792103] (subpub) StderrLine: {'line': b'\x1b[01m\x1b[K/home/vdr/ros2/src/subpub/src/scanner.cpp:21:42:\x1b[m\x1b[K \x1b[01;31m\x1b[Kerror: \x1b[m\x1b[Kclass \xe2\x80\x98\x1b[01m\x1b[KMinimalSubscriber\x1b[m\x1b[K\xe2\x80\x99 does not have any field named \xe2\x80\x98\x1b[01m\x1b[Kcount_\x1b[m\x1b[K\xe2\x80\x99\n'}
[0.792167] (subpub) StderrLine: {'line': b'             : Node("minimal_publisher"), \x1b[01;31m\x1b[Kcount_\x1b[m\x1b[K(0)\n'}
[0.792222] (subpub) StderrLine: {'line': b'                                          \x1b[01;31m\x1b[K^~~~~~\x1b[m\x1b[K\n'}
[0.792276] (subpub) StderrLine: {'line': b'\x1b[01m\x1b[K/home/vdr/ros2/src/subpub/src/scanner.cpp:23:9:\x1b[m\x1b[K \x1b[01;31m\x1b[Kerror: \x1b[m\x1b[K\xe2\x80\x98\x1b[01m\x1b[Kpublisher_\x1b[m\x1b[K\xe2\x80\x99 was not declared in this scope\n'}
[0.792336] (subpub) StderrLine: {'line': b'         \x1b[01;31m\x1b[Kpublisher_\x1b[m\x1b[K = this->create_publisher<sensor_msgs::msg::LaserScan>("topic", 10);\n'}
[0.792400] (subpub) StderrLine: {'line': b'         \x1b[01;31m\x1b[K^~~~~~~~~~\x1b[m\x1b[K\n'}
[0.793126] (subpub) StderrLine: {'line': b'\x1b[01m\x1b[K/home/vdr/ros2/src/subpub/src/scanner.cpp:23:9:\x1b[m\x1b[K \x1b[01;36m\x1b[Knote: \x1b[m\x1b[Ksuggested alternative: \xe2\x80\x98\x1b[01m\x1b[Krcl_publisher_t\x1b[m\x1b[K\xe2\x80\x99\n'}
[0.793218] (subpub) StderrLine: {'line': b'         \x1b[01;36m\x1b[Kpublisher_\x1b[m\x1b[K = this->create_publisher<sensor_msgs::msg::LaserScan>("topic", 10);\n'}
[0.793281] (subpub) StderrLine: {'line': b'         \x1b[01;36m\x1b[K^~~~~~~~~~\x1b[m\x1b[K\n'}
[0.793340] (subpub) StderrLine: {'line': b'         \x1b[32m\x1b[Krcl_publisher_t\x1b[m\x1b[K\n'}
[0.796753] (subpub) StderrLine: {'line': b'\x1b[01m\x1b[K/home/vdr/ros2/src/subpub/src/scanner.cpp:24:9:\x1b[m\x1b[K \x1b[01;31m\x1b[Kerror: \x1b[m\x1b[K\xe2\x80\x98\x1b[01m\x1b[Ktimer_\x1b[m\x1b[K\xe2\x80\x99 was not declared in this scope\n'}
[0.797085] (subpub) StderrLine: {'line': b'         \x1b[01;31m\x1b[Ktimer_\x1b[m\x1b[K = this->create_wall_timer(\n'}
[0.797192] (subpub) StderrLine: {'line': b'         \x1b[01;31m\x1b[K^~~~~~\x1b[m\x1b[K\n'}
[0.798152] (subpub) StderrLine: {'line': b'\x1b[01m\x1b[K/home/vdr/ros2/src/subpub/src/scanner.cpp:24:9:\x1b[m\x1b[K \x1b[01;36m\x1b[Knote: \x1b[m\x1b[Ksuggested alternative: \xe2\x80\x98\x1b[01m\x1b[Ktimer_t\x1b[m\x1b[K\xe2\x80\x99\n'}
[0.798311] (subpub) StderrLine: {'line': b'         \x1b[01;36m\x1b[Ktimer_\x1b[m\x1b[K = this->create_wall_timer(\n'}
[0.798374] (subpub) StderrLine: {'line': b'         \x1b[01;36m\x1b[K^~~~~~\x1b[m\x1b[K\n'}
[0.798432] (subpub) StderrLine: {'line': b'         \x1b[32m\x1b[Ktimer_t\x1b[m\x1b[K\n'}
[0.798488] (subpub) StderrLine: {'line': b'\x1b[01m\x1b[K/home/vdr/ros2/src/subpub/src/scanner.cpp:25:35:\x1b[m\x1b[K \x1b[01;31m\x1b[Kerror: \x1b[m\x1b[K\xe2\x80\x98\x1b[01m\x1b[KMinimalPublisher\x1b[m\x1b[K\xe2\x80\x99 is not a class, namespace, or enumeration\n'}
[0.798545] (subpub) StderrLine: {'line': b'                 500ms, std::bind(&\x1b[01;31m\x1b[KMinimalPublisher\x1b[m\x1b[K::timer_callback, this));\n'}
[0.798600] (subpub) StderrLine: {'line': b'                                   \x1b[01;31m\x1b[K^~~~~~~~~~~~~~~~\x1b[m\x1b[K\n'}
[0.798655] (subpub) StderrLine: {'line': b'\x1b[01m\x1b[K/home/vdr/ros2/src/subpub/src/scanner.cpp:26:5:\x1b[m\x1b[K \x1b[01;35m\x1b[Kwarning: \x1b[m\x1b[Kno return statement in function returning non-void [\x1b[01;35m\x1b[K-Wreturn-type\x1b[m\x1b[K]\n'}
[0.798711] (subpub) StderrLine: {'line': b'     \x1b[01;35m\x1b[K}\x1b[m\x1b[K\n'}
[0.798765] (subpub) StderrLine: {'line': b'     \x1b[01;35m\x1b[K^\x1b[m\x1b[K\n'}
[0.801116] (subpub) StderrLine: {'line': b'\x1b[01m\x1b[K/home/vdr/ros2/src/subpub/src/scanner.cpp:\x1b[m\x1b[K In member function \xe2\x80\x98\x1b[01m\x1b[Kvoid MinimalSubscriber::timer_callback()\x1b[m\x1b[K\xe2\x80\x99:\n'}
[0.801212] (-) TimerEvent: {}
[0.801312] (subpub) StderrLine: {'line': b'\x1b[01m\x1b[K/home/vdr/ros2/src/subpub/src/scanner.cpp:38:17:\x1b[m\x1b[K \x1b[01;31m\x1b[Kerror: \x1b[m\x1b[K\xe2\x80\x98\x1b[01m\x1b[Kstruct sensor_msgs::msg::LaserScan_<std::allocator<void> >\x1b[m\x1b[K\xe2\x80\x99 has no member named \xe2\x80\x98\x1b[01m\x1b[Kdata\x1b[m\x1b[K\xe2\x80\x99\n'}
[0.801431] (subpub) StderrLine: {'line': b'         message.\x1b[01;31m\x1b[Kdata\x1b[m\x1b[K = scan->ranges[179];\n'}
[0.801496] (subpub) StderrLine: {'line': b'                 \x1b[01;31m\x1b[K^~~~\x1b[m\x1b[K\n'}
[0.801553] (subpub) StderrLine: {'line': b'\x1b[01m\x1b[K/home/vdr/ros2/src/subpub/src/scanner.cpp:38:24:\x1b[m\x1b[K \x1b[01;31m\x1b[Kerror: \x1b[m\x1b[K\xe2\x80\x98\x1b[01m\x1b[Kscan\x1b[m\x1b[K\xe2\x80\x99 was not declared in this scope\n'}
[0.801610] (subpub) StderrLine: {'line': b'         message.data = \x1b[01;31m\x1b[Kscan\x1b[m\x1b[K->ranges[179];\n'}
[0.801700] (subpub) StderrLine: {'line': b'                        \x1b[01;31m\x1b[K^~~~\x1b[m\x1b[K\n'}
[0.801802] (subpub) StderrLine: {'line': b'\x1b[01m\x1b[K/home/vdr/ros2/src/subpub/src/scanner.cpp:38:24:\x1b[m\x1b[K \x1b[01;36m\x1b[Knote: \x1b[m\x1b[Ksuggested alternative: \xe2\x80\x98\x1b[01m\x1b[Kscanf\x1b[m\x1b[K\xe2\x80\x99\n'}
[0.801909] (subpub) StderrLine: {'line': b'         message.data = \x1b[01;36m\x1b[Kscan\x1b[m\x1b[K->ranges[179];\n'}
[0.801977] (subpub) StderrLine: {'line': b'                        \x1b[01;36m\x1b[K^~~~\x1b[m\x1b[K\n'}
[0.802032] (subpub) StderrLine: {'line': b'                        \x1b[32m\x1b[Kscanf\x1b[m\x1b[K\n'}
[0.802087] (subpub) StderrLine: {'line': b'\x1b[01m\x1b[K/home/vdr/ros2/src/subpub/src/scanner.cpp:39:9:\x1b[m\x1b[K \x1b[01;31m\x1b[Kerror: \x1b[m\x1b[K\xe2\x80\x98\x1b[01m\x1b[KRCLCPP_INFO\x1b[m\x1b[K\xe2\x80\x99 was not declared in this scope\n'}
[0.802147] (subpub) StderrLine: {'line': b'         \x1b[01;31m\x1b[KRCLCPP_INFO\x1b[m\x1b[K(this->get_logger(), "Publishing: \'%f\'", message.data;\n'}
[0.802203] (subpub) StderrLine: {'line': b'         \x1b[01;31m\x1b[K^~~~~~~~~~~\x1b[m\x1b[K\n'}
[0.803149] (subpub) StderrLine: {'line': b'\x1b[01m\x1b[K/home/vdr/ros2/src/subpub/src/scanner.cpp:39:9:\x1b[m\x1b[K \x1b[01;31m\x1b[Kerror: \x1b[m\x1b[Kexpected \xe2\x80\x98\x1b[01m\x1b[K}\x1b[m\x1b[K\xe2\x80\x99 at end of input\n'}
[0.803241] (subpub) StderrLine: {'line': b'\x1b[01m\x1b[K/home/vdr/ros2/src/subpub/src/scanner.cpp:\x1b[m\x1b[K At global scope:\n'}
[0.803304] (subpub) StderrLine: {'line': b'\x1b[01m\x1b[K/home/vdr/ros2/src/subpub/src/scanner.cpp:39:9:\x1b[m\x1b[K \x1b[01;31m\x1b[Kerror: \x1b[m\x1b[Kexpected unqualified-id at end of input\n'}
[0.901330] (-) TimerEvent: {}
[1.001606] (-) TimerEvent: {}
[1.101954] (-) TimerEvent: {}
[1.202239] (-) TimerEvent: {}
[1.302510] (-) TimerEvent: {}
[1.344087] (subpub) StderrLine: {'line': b'make[2]: *** [CMakeFiles/scanner.dir/src/scanner.cpp.o] Error 1\n'}
[1.344428] (subpub) StdoutLine: {'line': b"CMakeFiles/scanner.dir/build.make:62: recipe for target 'CMakeFiles/scanner.dir/src/scanner.cpp.o' failed\n"}
[1.345033] (subpub) StderrLine: {'line': b'make[1]: *** [CMakeFiles/scanner.dir/all] Error 2\n'}
[1.345328] (subpub) StderrLine: {'line': b'make: *** [all] Error 2\n'}
[1.345492] (subpub) StdoutLine: {'line': b"CMakeFiles/Makefile2:173: recipe for target 'CMakeFiles/scanner.dir/all' failed\n"}
[1.345651] (subpub) StdoutLine: {'line': b"Makefile:140: recipe for target 'all' failed\n"}
[1.347891] (subpub) CommandEnded: {'returncode': 2}
[1.403197] (-) TimerEvent: {}
[1.407203] (subpub) JobEnded: {'identifier': 'subpub', 'rc': 2}
[1.419232] (-) EventReactorShutdown: {}
