[01m[K/home/vdr/ros2/src/subpub/src/scanner.cpp:20:22:[m[K [01;31m[Kerror: [m[KISO C++ forbids declaration of â€˜[01m[KMinimalPublisher[m[Kâ€™ with no type [[01;31m[K-fpermissive[m[K]
     MinimalPublisher([01;31m[K)[m[K
                      [01;31m[K^[m[K
[01m[K/home/vdr/ros2/src/subpub/src/scanner.cpp:[m[K In member function â€˜[01m[Kint MinimalSubscriber::MinimalPublisher()[m[Kâ€™:
[01m[K/home/vdr/ros2/src/subpub/src/scanner.cpp:21:15:[m[K [01;31m[Kerror: [m[Konly constructors take member initializers
             : [01;31m[KNode[m[K("minimal_publisher")
               [01;31m[K^~~~[m[K
[01m[K/home/vdr/ros2/src/subpub/src/scanner.cpp:25:35:[m[K [01;31m[Kerror: [m[Kâ€˜[01m[KMinimalPublisher[m[Kâ€™ is not a class, namespace, or enumeration
                 500ms, std::bind(&[01;31m[KMinimalPublisher[m[K::timer_callback, this));
                                   [01;31m[K^~~~~~~~~~~~~~~~[m[K
[01m[K/home/vdr/ros2/src/subpub/src/scanner.cpp:26:5:[m[K [01;35m[Kwarning: [m[Kno return statement in function returning non-void [[01;35m[K-Wreturn-type[m[K]
     [01;35m[K}[m[K
     [01;35m[K^[m[K
[01m[K/home/vdr/ros2/src/subpub/src/scanner.cpp:[m[K In member function â€˜[01m[Kvoid MinimalSubscriber::timer_callback()[m[Kâ€™:
[01m[K/home/vdr/ros2/src/subpub/src/scanner.cpp:38:17:[m[K [01;31m[Kerror: [m[Kâ€˜[01m[Kstruct sensor_msgs::msg::LaserScan_<std::allocator<void> >[m[Kâ€™ has no member named â€˜[01m[Kdata[m[Kâ€™
         message.[01;31m[Kdata[m[K = scan->ranges[179];
                 [01;31m[K^~~~[m[K
[01m[K/home/vdr/ros2/src/subpub/src/scanner.cpp:38:24:[m[K [01;31m[Kerror: [m[Kâ€˜[01m[Kscan[m[Kâ€™ was not declared in this scope
         message.data = [01;31m[Kscan[m[K->ranges[179];
                        [01;31m[K^~~~[m[K
[01m[K/home/vdr/ros2/src/subpub/src/scanner.cpp:38:24:[m[K [01;36m[Knote: [m[Ksuggested alternative: â€˜[01m[Kscanf[m[Kâ€™
         message.data = [01;36m[Kscan[m[K->ranges[179];
                        [01;36m[K^~~~[m[K
                        [32m[Kscanf[m[K
In file included from [01m[K/opt/ros/dashing/include/rclcpp/client.hpp:39:0[m[K,
                 from [01m[K/opt/ros/dashing/include/rclcpp/callback_group.hpp:23[m[K,
                 from [01m[K/opt/ros/dashing/include/rclcpp/any_executable.hpp:20[m[K,
                 from [01m[K/opt/ros/dashing/include/rclcpp/memory_strategy.hpp:24[m[K,
                 from [01m[K/opt/ros/dashing/include/rclcpp/memory_strategies.hpp:18[m[K,
                 from [01m[K/opt/ros/dashing/include/rclcpp/executor.hpp:33[m[K,
                 from [01m[K/opt/ros/dashing/include/rclcpp/executors/multi_threaded_executor.hpp:24[m[K,
                 from [01m[K/opt/ros/dashing/include/rclcpp/executors.hpp:21[m[K,
                 from [01m[K/opt/ros/dashing/include/rclcpp/rclcpp.hpp:144[m[K,
                 from [01m[K/home/vdr/ros2/src/subpub/src/scanner.cpp:5[m[K:
[01m[K/home/vdr/ros2/src/subpub/src/scanner.cpp:39:69:[m[K [01;31m[Kerror: [m[Kâ€˜[01m[Kstruct sensor_msgs::msg::LaserScan_<std::allocator<void> >[m[Kâ€™ has no member named â€˜[01m[Kdata[m[Kâ€™
         RCLCPP_INFO(this->get_logger(), "Publishing: '%f'", message.[01;31m[Kd[m[Kata);
                                                                     [01;31m[K^[m[K
[01m[K/opt/ros/dashing/include/rcutils/logging_macros.h:72:64:[m[K [01;36m[Knote: [m[Kin definition of macro â€˜[01m[KRCUTILS_LOG_COND_NAMED[m[Kâ€™
       rcutils_log(&__rcutils_logging_location, severity, name, [01;36m[K__VA_ARGS__[m[K); \
                                                                [01;36m[K^~~~~~~~~~~[m[K
[01m[K/opt/ros/dashing/include/rclcpp/logging.hpp:218:5:[m[K [01;36m[Knote: [m[Kin expansion of macro â€˜[01m[KRCUTILS_LOG_INFO_NAMED[m[Kâ€™
     [01;36m[KRCUTILS_LOG_INFO_NAMED[m[K( \
     [01;36m[K^~~~~~~~~~~~~~~~~~~~~~[m[K
[01m[K/opt/ros/dashing/include/rclcpp/logging.hpp:221:9:[m[K [01;36m[Knote: [m[Kin expansion of macro â€˜[01m[KRCLCPP_ALL_BUT_FIRST_ARGS[m[Kâ€™
         [01;36m[KRCLCPP_ALL_BUT_FIRST_ARGS[m[K(__VA_ARGS__,"")); \
         [01;36m[K^~~~~~~~~~~~~~~~~~~~~~~~~[m[K
[01m[K/home/vdr/ros2/src/subpub/src/scanner.cpp:39:9:[m[K [01;36m[Knote: [m[Kin expansion of macro â€˜[01m[KRCLCPP_INFO[m[Kâ€™
         [01;36m[KRCLCPP_INFO[m[K(this->get_logger(), "Publishing: '%f'", message.data);
         [01;36m[K^~~~~~~~~~~[m[K
[01m[K/home/vdr/ros2/src/subpub/src/scanner.cpp:[m[K In function â€˜[01m[Kint main(int, char**)[m[Kâ€™:
[01m[K/home/vdr/ros2/src/subpub/src/scanner.cpp:49:35:[m[K [01;31m[Kerror: [m[Kâ€˜[01m[KPoggers[m[Kâ€™ was not declared in this scope
     rclcpp::spin(std::make_shared<[01;31m[KPoggers[m[K>());
                                   [01;31m[K^~~~~~~[m[K
[01m[K/home/vdr/ros2/src/subpub/src/scanner.cpp:49:44:[m[K [01;31m[Kerror: [m[Kno matching function for call to â€˜[01m[Kmake_shared<<expression error> >()[m[Kâ€™
     rclcpp::spin(std::make_shared<Poggers>([01;31m[K)[m[K);
                                            [01;31m[K^[m[K
In file included from [01m[K/usr/include/c++/7/memory:81:0[m[K,
                 from [01m[K/home/vdr/ros2/src/subpub/src/scanner.cpp:1[m[K:
[01m[K/usr/include/c++/7/bits/shared_ptr.h:703:5:[m[K [01;36m[Knote: [m[Kcandidate: template<class _Tp, class ... _Args> std::shared_ptr<_Tp> std::make_shared(_Args&& ...)
     [01;36m[Kmake_shared[m[K(_Args&&... __args)
     [01;36m[K^~~~~~~~~~~[m[K
[01m[K/usr/include/c++/7/bits/shared_ptr.h:703:5:[m[K [01;36m[Knote: [m[K  template argument deduction/substitution failed:
[01m[K/home/vdr/ros2/src/subpub/src/scanner.cpp:49:44:[m[K [01;31m[Kerror: [m[Ktemplate argument 1 is invalid
     rclcpp::spin(std::make_shared<Poggers>([01;31m[K)[m[K);
                                            [01;31m[K^[m[K
make[2]: *** [CMakeFiles/scanner.dir/src/scanner.cpp.o] Error 1
make[1]: *** [CMakeFiles/scanner.dir/all] Error 2
make: *** [all] Error 2
