[01m[K/home/vdr/ros2/src/subpub/src/scanner.cpp:[m[K In member function â€˜[01m[Kvoid Poggers::topic_callback(sensor_msgs::msg::LaserScan_<std::allocator<void> >::SharedPtr) const[m[Kâ€™:
[01m[K/home/vdr/ros2/src/subpub/src/scanner.cpp:33:31:[m[K [01;31m[Kerror: [m[Kâ€˜[01m[Kros[m[Kâ€™ has not been declared
         marker.header.stamp = [01;31m[Kros[m[K::Time();
                               [01;31m[K^~~[m[K
[01m[K/home/vdr/ros2/src/subpub/src/scanner.cpp:52:29:[m[K [01;31m[Kerror: [m[Kâ€˜[01m[Kmessage[m[Kâ€™ was not declared in this scope
         publisher_->publish([01;31m[Kmessage[m[K);
                             [01;31m[K^~~~~~~[m[K
make[2]: *** [CMakeFiles/scanner.dir/src/scanner.cpp.o] Error 1
make[1]: *** [CMakeFiles/scanner.dir/all] Error 2
make: *** [all] Error 2
