[0.073s] Invoking command in '/home/vdr/ros2/build/subpub': CMAKE_PREFIX_PATH=${CMAKE_PREFIX_PATH}:/opt/ros/dashing /usr/bin/cmake --build /home/vdr/ros2/build/subpub -- -j8 -l8
[0.619s] [35m[1mScanning dependencies of target scanner[0m
[0.619s] [ 33%] Built target talker
[0.650s] [ 66%] Built target listener
[0.901s] [ 83%] [32mBuilding CXX object CMakeFiles/scanner.dir/src/scanner.cpp.o[0m
[2.949s] [01m[K/home/vdr/ros2/src/subpub/src/scanner.cpp:[m[K In member function â€˜[01m[Kvoid Poggers::topic_callback(sensor_msgs::msg::LaserScan_<std::allocator<void> >::SharedPtr) const[m[Kâ€™:
[2.949s] [01m[K/home/vdr/ros2/src/subpub/src/scanner.cpp:33:31:[m[K [01;31m[Kerror: [m[Kâ€˜[01m[Kros[m[Kâ€™ has not been declared
[2.949s]          marker.header.stamp = [01;31m[Kros[m[K::Time();
[2.949s]                                [01;31m[K^~~[m[K
[2.949s] [01m[K/home/vdr/ros2/src/subpub/src/scanner.cpp:52:29:[m[K [01;31m[Kerror: [m[Kâ€˜[01m[Kmessage[m[Kâ€™ was not declared in this scope
[2.949s]          publisher_->publish([01;31m[Kmessage[m[K);
[2.949s]                              [01;31m[K^~~~~~~[m[K
[3.583s] make[2]: *** [CMakeFiles/scanner.dir/src/scanner.cpp.o] Error 1
[3.583s] CMakeFiles/scanner.dir/build.make:62: recipe for target 'CMakeFiles/scanner.dir/src/scanner.cpp.o' failed
[3.583s] CMakeFiles/Makefile2:173: recipe for target 'CMakeFiles/scanner.dir/all' failed
[3.583s] Makefile:140: recipe for target 'all' failed
[3.583s] make[1]: *** [CMakeFiles/scanner.dir/all] Error 2
[3.583s] make: *** [all] Error 2
[3.585s] Invoked command in '/home/vdr/ros2/build/subpub' returned '2': CMAKE_PREFIX_PATH=${CMAKE_PREFIX_PATH}:/opt/ros/dashing /usr/bin/cmake --build /home/vdr/ros2/build/subpub -- -j8 -l8
