[35m[1mScanning dependencies of target scanner[0m
[ 33%] Built target talker
[ 66%] Built target listener
[ 83%] [32mBuilding CXX object CMakeFiles/scanner.dir/src/scanner.cpp.o[0m
[01m[K/home/vdr/ros2/src/subpub/src/scanner.cpp:14:23:[m[K [01;31m[Kerror: [m[KISO C++ forbids declaration of â€˜[01m[KMinimalSubscriber[m[Kâ€™ with no type [[01;31m[K-fpermissive[m[K]
     MinimalSubscriber([01;31m[K)[m[K
                       [01;31m[K^[m[K
[01m[K/home/vdr/ros2/src/subpub/src/scanner.cpp:20:22:[m[K [01;31m[Kerror: [m[KISO C++ forbids declaration of â€˜[01m[KMinimalPublisher[m[Kâ€™ with no type [[01;31m[K-fpermissive[m[K]
     MinimalPublisher([01;31m[K)[m[K
                      [01;31m[K^[m[K
[01m[K/home/vdr/ros2/src/subpub/src/scanner.cpp:43:23:[m[K [01;31m[Kerror: [m[Kâ€˜[01m[Kssensor_msgs[m[Kâ€™ was not declared in this scope
     rclcpp::Publisher<[01;31m[Kssensor_msgs[m[K::msg::LaserScan>::SharedPtr publisher_;
                       [01;31m[K^~~~~~~~~~~~[m[K
[01m[K/home/vdr/ros2/src/subpub/src/scanner.cpp:43:51:[m[K [01;31m[Kerror: [m[Ktemplate argument 1 is invalid
     rclcpp::Publisher<ssensor_msgs::msg::LaserScan[01;31m[K>[m[K::SharedPtr publisher_;
                                                   [01;31m[K^[m[K
[01m[K/home/vdr/ros2/src/subpub/src/scanner.cpp:43:54:[m[K [01;31m[Kerror: [m[Kexpected â€˜[01m[K;[m[Kâ€™ at end of member declaration
     rclcpp::Publisher<ssensor_msgs::msg::LaserScan>::[01;31m[KSharedPtr[m[K publisher_;
                                                      [01;31m[K^~~~~~~~~[m[K
[01m[K/home/vdr/ros2/src/subpub/src/scanner.cpp:43:64:[m[K [01;31m[Kerror: [m[Kâ€˜[01m[Kpublisher_[m[Kâ€™ does not name a type; did you mean â€˜[01m[Krcl_publisher_t[m[Kâ€™?
     rclcpp::Publisher<ssensor_msgs::msg::LaserScan>::SharedPtr [01;31m[Kpublisher_[m[K;
                                                                [01;31m[K^~~~~~~~~~[m[K
                                                                [32m[Krcl_publisher_t[m[K
[01m[K/home/vdr/ros2/src/subpub/src/scanner.cpp:[m[K In member function â€˜[01m[Kint Poggers::MinimalSubscriber()[m[Kâ€™:
[01m[K/home/vdr/ros2/src/subpub/src/scanner.cpp:15:15:[m[K [01;31m[Kerror: [m[Konly constructors take member initializers
             : [01;31m[KNode[m[K("minimal_subscriber")
               [01;31m[K^~~~[m[K
[01m[K/home/vdr/ros2/src/subpub/src/scanner.cpp:18:44:[m[K [01;31m[Kerror: [m[Kâ€˜[01m[KMinimalSubscriber[m[Kâ€™ is not a class, namespace, or enumeration
                 "averages", 10, std::bind(&[01;31m[KMinimalSubscriber[m[K::topic_callback, this, _1));
                                            [01;31m[K^~~~~~~~~~~~~~~~~[m[K
[01m[K/home/vdr/ros2/src/subpub/src/scanner.cpp:19:5:[m[K [01;35m[Kwarning: [m[Kno return statement in function returning non-void [[01;35m[K-Wreturn-type[m[K]
     [01;35m[K}[m[K
     [01;35m[K^[m[K
[01m[K/home/vdr/ros2/src/subpub/src/scanner.cpp:[m[K In member function â€˜[01m[Kint Poggers::MinimalPublisher()[m[Kâ€™:
[01m[K/home/vdr/ros2/src/subpub/src/scanner.cpp:21:15:[m[K [01;31m[Kerror: [m[Konly constructors take member initializers
             : [01;31m[KNode[m[K("minimal_publisher"), count_(0)
               [01;31m[K^~~~[m[K
[01m[K/home/vdr/ros2/src/subpub/src/scanner.cpp:23:9:[m[K [01;31m[Kerror: [m[Kâ€˜[01m[Kpublisher_[m[Kâ€™ was not declared in this scope
         [01;31m[Kpublisher_[m[K = this->create_publisher<sensor_msgs::msg::LaserScan>("newscan", 10);
         [01;31m[K^~~~~~~~~~[m[K
[01m[K/home/vdr/ros2/src/subpub/src/scanner.cpp:23:9:[m[K [01;36m[Knote: [m[Ksuggested alternative: â€˜[01m[Krcl_publisher_t[m[Kâ€™
         [01;36m[Kpublisher_[m[K = this->create_publisher<sensor_msgs::msg::LaserScan>("newscan", 10);
         [01;36m[K^~~~~~~~~~[m[K
         [32m[Krcl_publisher_t[m[K
[01m[K/home/vdr/ros2/src/subpub/src/scanner.cpp:25:35:[m[K [01;31m[Kerror: [m[Kâ€˜[01m[KMinimalPublisher[m[Kâ€™ is not a class, namespace, or enumeration
                 500ms, std::bind(&[01;31m[KMinimalPublisher[m[K::timer_callback, this));
                                   [01;31m[K^~~~~~~~~~~~~~~~[m[K
[01m[K/home/vdr/ros2/src/subpub/src/scanner.cpp:26:5:[m[K [01;35m[Kwarning: [m[Kno return statement in function returning non-void [[01;35m[K-Wreturn-type[m[K]
     [01;35m[K}[m[K
     [01;35m[K^[m[K
[01m[K/home/vdr/ros2/src/subpub/src/scanner.cpp:[m[K In member function â€˜[01m[Kvoid Poggers::timer_callback()[m[Kâ€™:
[01m[K/home/vdr/ros2/src/subpub/src/scanner.cpp:38:17:[m[K [01;31m[Kerror: [m[Kâ€˜[01m[Kstruct sensor_msgs::msg::LaserScan_<std::allocator<void> >[m[Kâ€™ has no member named â€˜[01m[Kdata[m[Kâ€™
         message.[01;31m[Kdata[m[K = scan->ranges[179];
                 [01;31m[K^~~~[m[K
[01m[K/home/vdr/ros2/src/subpub/src/scanner.cpp:38:24:[m[K [01;31m[Kerror: [m[Kâ€˜[01m[Kscan[m[Kâ€™ was not declared in this scope
         message.data = [01;31m[Kscan[m[K->ranges[179];
                        [01;31m[K^~~~[m[K
[01m[K/home/vdr/ros2/src/subpub/src/scanner.cpp:38:24:[m[K [01;36m[Knote: [m[Ksuggested alternative: â€˜[01m[Kscanf[m[Kâ€™
         message.data = [01;36m[Kscan[m[K->ranges[179];
                        [01;36m[K^~~~[m[K
                        [32m[Kscanf[m[K
In file included from [01m[K/opt/ros/dashing/include/rclcpp/client.hpp:39:0[m[K,
                 from [01m[K/opt/ros/dashing/include/rclcpp/callback_group.hpp:23[m[K,
                 from [01m[K/opt/ros/dashing/include/rclcpp/any_executable.hpp:20[m[K,
                 from [01m[K/opt/ros/dashing/include/rclcpp/memory_strategy.hpp:24[m[K,
                 from [01m[K/opt/ros/dashing/include/rclcpp/memory_strategies.hpp:18[m[K,
                 from [01m[K/opt/ros/dashing/include/rclcpp/executor.hpp:33[m[K,
                 from [01m[K/opt/ros/dashing/include/rclcpp/executors/multi_threaded_executor.hpp:24[m[K,
                 from [01m[K/opt/ros/dashing/include/rclcpp/executors.hpp:21[m[K,
                 from [01m[K/opt/ros/dashing/include/rclcpp/rclcpp.hpp:144[m[K,
                 from [01m[K/home/vdr/ros2/src/subpub/src/scanner.cpp:5[m[K:
[01m[K/home/vdr/ros2/src/subpub/src/scanner.cpp:39:69:[m[K [01;31m[Kerror: [m[Kâ€˜[01m[Kstruct sensor_msgs::msg::LaserScan_<std::allocator<void> >[m[Kâ€™ has no member named â€˜[01m[Kdata[m[Kâ€™
         RCLCPP_INFO(this->get_logger(), "Publishing: '%s'", message.[01;31m[Kd[m[Kata);
                                                                     [01;31m[K^[m[K
[01m[K/opt/ros/dashing/include/rcutils/logging_macros.h:72:64:[m[K [01;36m[Knote: [m[Kin definition of macro â€˜[01m[KRCUTILS_LOG_COND_NAMED[m[Kâ€™
       rcutils_log(&__rcutils_logging_location, severity, name, [01;36m[K__VA_ARGS__[m[K); \
                                                                [01;36m[K^~~~~~~~~~~[m[K
[01m[K/opt/ros/dashing/include/rclcpp/logging.hpp:218:5:[m[K [01;36m[Knote: [m[Kin expansion of macro â€˜[01m[KRCUTILS_LOG_INFO_NAMED[m[Kâ€™
     [01;36m[KRCUTILS_LOG_INFO_NAMED[m[K( \
     [01;36m[K^~~~~~~~~~~~~~~~~~~~~~[m[K
[01m[K/opt/ros/dashing/include/rclcpp/logging.hpp:221:9:[m[K [01;36m[Knote: [m[Kin expansion of macro â€˜[01m[KRCLCPP_ALL_BUT_FIRST_ARGS[m[Kâ€™
         [01;36m[KRCLCPP_ALL_BUT_FIRST_ARGS[m[K(__VA_ARGS__,"")); \
         [01;36m[K^~~~~~~~~~~~~~~~~~~~~~~~~[m[K
[01m[K/home/vdr/ros2/src/subpub/src/scanner.cpp:39:9:[m[K [01;36m[Knote: [m[Kin expansion of macro â€˜[01m[KRCLCPP_INFO[m[Kâ€™
         [01;36m[KRCLCPP_INFO[m[K(this->get_logger(), "Publishing: '%s'", message.data);
         [01;36m[K^~~~~~~~~~~[m[K
[01m[K/home/vdr/ros2/src/subpub/src/scanner.cpp:40:9:[m[K [01;31m[Kerror: [m[Kâ€˜[01m[Kpublisher_[m[Kâ€™ was not declared in this scope
         [01;31m[Kpublisher_[m[K->publish(message);
         [01;31m[K^~~~~~~~~~[m[K
[01m[K/home/vdr/ros2/src/subpub/src/scanner.cpp:40:9:[m[K [01;36m[Knote: [m[Ksuggested alternative: â€˜[01m[Krcl_publisher_t[m[Kâ€™
         [01;36m[Kpublisher_[m[K->publish(message);
         [01;36m[K^~~~~~~~~~[m[K
         [32m[Krcl_publisher_t[m[K
In file included from [01m[K/usr/include/x86_64-linux-gnu/c++/7/bits/c++allocator.h:33:0[m[K,
                 from [01m[K/usr/include/c++/7/bits/allocator.h:46[m[K,
                 from [01m[K/usr/include/c++/7/string:41[m[K,
                 from [01m[K/usr/include/c++/7/stdexcept:39[m[K,
                 from [01m[K/usr/include/c++/7/array:39[m[K,
                 from [01m[K/usr/include/c++/7/tuple:39[m[K,
                 from [01m[K/usr/include/c++/7/functional:54[m[K,
                 from [01m[K/home/vdr/ros2/src/subpub/src/scanner.cpp:2[m[K:
/usr/include/c++/7/ext/new_allocator.h: In instantiation of â€˜[01m[Kvoid __gnu_cxx::new_allocator<_Tp>::construct(_Up*, _Args&& ...) [with _Up = Poggers; _Args = {}; _Tp = Poggers][m[Kâ€™:
[01m[K/usr/include/c++/7/bits/alloc_traits.h:475:4:[m[K   required from â€˜[01m[Kstatic void std::allocator_traits<std::allocator<_CharT> >::construct(std::allocator_traits<std::allocator<_CharT> >::allocator_type&, _Up*, _Args&& ...) [with _Up = Poggers; _Args = {}; _Tp = Poggers; std::allocator_traits<std::allocator<_CharT> >::allocator_type = std::allocator<Poggers>][m[Kâ€™
[01m[K/usr/include/c++/7/bits/shared_ptr_base.h:526:39:[m[K   required from â€˜[01m[Kstd::_Sp_counted_ptr_inplace<_Tp, _Alloc, _Lp>::_Sp_counted_ptr_inplace(_Alloc, _Args&& ...) [with _Args = {}; _Tp = Poggers; _Alloc = std::allocator<Poggers>; __gnu_cxx::_Lock_policy _Lp = (__gnu_cxx::_Lock_policy)2][m[Kâ€™
[01m[K/usr/include/c++/7/bits/shared_ptr_base.h:637:4:[m[K   required from â€˜[01m[Kstd::__shared_count<_Lp>::__shared_count(std::_Sp_make_shared_tag, _Tp*, const _Alloc&, _Args&& ...) [with _Tp = Poggers; _Alloc = std::allocator<Poggers>; _Args = {}; __gnu_cxx::_Lock_policy _Lp = (__gnu_cxx::_Lock_policy)2][m[Kâ€™
[01m[K/usr/include/c++/7/bits/shared_ptr_base.h:1295:35:[m[K   required from â€˜[01m[Kstd::__shared_ptr<_Tp, _Lp>::__shared_ptr(std::_Sp_make_shared_tag, const _Alloc&, _Args&& ...) [with _Alloc = std::allocator<Poggers>; _Args = {}; _Tp = Poggers; __gnu_cxx::_Lock_policy _Lp = (__gnu_cxx::_Lock_policy)2][m[Kâ€™
[01m[K/usr/include/c++/7/bits/shared_ptr.h:344:64:[m[K   required from â€˜[01m[Kstd::shared_ptr<_Tp>::shared_ptr(std::_Sp_make_shared_tag, const _Alloc&, _Args&& ...) [with _Alloc = std::allocator<Poggers>; _Args = {}; _Tp = Poggers][m[Kâ€™
[01m[K/usr/include/c++/7/bits/shared_ptr.h:690:14:[m[K   required from â€˜[01m[Kstd::shared_ptr<_Tp> std::allocate_shared(const _Alloc&, _Args&& ...) [with _Tp = Poggers; _Alloc = std::allocator<Poggers>; _Args = {}][m[Kâ€™
[01m[K/usr/include/c++/7/bits/shared_ptr.h:706:39:[m[K   required from â€˜[01m[Kstd::shared_ptr<_Tp> std::make_shared(_Args&& ...) [with _Tp = Poggers; _Args = {}][m[Kâ€™
[01m[K/home/vdr/ros2/src/subpub/src/scanner.cpp:53:44:[m[K   required from here
[01m[K/usr/include/c++/7/ext/new_allocator.h:136:4:[m[K [01;31m[Kerror: [m[Kuse of deleted function â€˜[01m[KPoggers::Poggers()[m[Kâ€™
  { [01;31m[K::new((void *)__p) _Up(std::forward<_Args>(__args)...)[m[K; }
    [01;31m[K^~~~~~~~~~~~~~~~~~~~~~~~~~~~~~~~~~~~~~~~~~~~~~~~~~~~~~[m[K
[01m[K/home/vdr/ros2/src/subpub/src/scanner.cpp:11:7:[m[K [01;36m[Knote: [m[Kâ€˜[01m[KPoggers::Poggers()[m[Kâ€™ is implicitly deleted because the default definition would be ill-formed:
 class [01;36m[KPoggers[m[K: public rclcpp::Node
       [01;36m[K^~~~~~~[m[K
[01m[K/home/vdr/ros2/src/subpub/src/scanner.cpp:11:7:[m[K [01;31m[Kerror: [m[Kno matching function for call to â€˜[01m[Krclcpp::Node::Node()[m[Kâ€™
In file included from [01m[K/opt/ros/dashing/include/rclcpp/executors/single_threaded_executor.hpp:28:0[m[K,
                 from [01m[K/opt/ros/dashing/include/rclcpp/executors.hpp:22[m[K,
                 from [01m[K/opt/ros/dashing/include/rclcpp/rclcpp.hpp:144[m[K,
                 from [01m[K/home/vdr/ros2/src/subpub/src/scanner.cpp:5[m[K:
[01m[K/opt/ros/dashing/include/rclcpp/node.hpp:1188:3:[m[K [01;36m[Knote: [m[Kcandidate: rclcpp::Node::Node(const rclcpp::Node&, const string&)
   [01;36m[KNode[m[K(
   [01;36m[K^~~~[m[K
[01m[K/opt/ros/dashing/include/rclcpp/node.hpp:1188:3:[m[K [01;36m[Knote: [m[K  candidate expects 2 arguments, 0 provided
[01m[K/opt/ros/dashing/include/rclcpp/node.hpp:94:12:[m[K [01;36m[Knote: [m[Kcandidate: rclcpp::Node::Node(const string&, const string&, const rclcpp::NodeOptions&)
   explicit [01;36m[KNode[m[K(
            [01;36m[K^~~~[m[K
[01m[K/opt/ros/dashing/include/rclcpp/node.hpp:94:12:[m[K [01;36m[Knote: [m[K  candidate expects 3 arguments, 0 provided
[01m[K/opt/ros/dashing/include/rclcpp/node.hpp:83:12:[m[K [01;36m[Knote: [m[Kcandidate: rclcpp::Node::Node(const string&, const rclcpp::NodeOptions&)
   explicit [01;36m[KNode[m[K(
            [01;36m[K^~~~[m[K
[01m[K/opt/ros/dashing/include/rclcpp/node.hpp:83:12:[m[K [01;36m[Knote: [m[K  candidate expects 2 arguments, 0 provided
CMakeFiles/scanner.dir/build.make:62: recipe for target 'CMakeFiles/scanner.dir/src/scanner.cpp.o' failed
CMakeFiles/Makefile2:173: recipe for target 'CMakeFiles/scanner.dir/all' failed
make[2]: *** [CMakeFiles/scanner.dir/src/scanner.cpp.o] Error 1
make[1]: *** [CMakeFiles/scanner.dir/all] Error 2
make: *** [all] Error 2
Makefile:140: recipe for target 'all' failed
