[35m[1mScanning dependencies of target scanner[0m
[ 66%] Built target talker
[ 66%] Built target listener
[ 83%] [32mBuilding CXX object CMakeFiles/scanner.dir/src/scanner.cpp.o[0m
[01m[K/home/vdr/ros2/src/subpub/src/scanner.cpp:[m[K In member function â€˜[01m[Kvoid Poggers::topic_callback(sensor_msgs::msg::LaserScan_<std::allocator<void> >::SharedPtr) const[m[Kâ€™:
[01m[K/home/vdr/ros2/src/subpub/src/scanner.cpp:33:49:[m[K [01;31m[Kerror: [m[Kpassing â€˜[01m[Kconst Poggers[m[Kâ€™ as â€˜[01m[Kthis[m[Kâ€™ argument discards qualifiers [[01;31m[K-fpermissive[m[K]
         marker.header.stamp = rclcpp::Node::now([01;31m[K)[m[K;
                                                 [01;31m[K^[m[K
In file included from [01m[K/opt/ros/dashing/include/rclcpp/executors/single_threaded_executor.hpp:28:0[m[K,
                 from [01m[K/opt/ros/dashing/include/rclcpp/executors.hpp:22[m[K,
                 from [01m[K/opt/ros/dashing/include/rclcpp/rclcpp.hpp:144[m[K,
                 from [01m[K/home/vdr/ros2/src/subpub/src/scanner.cpp:5[m[K:
[01m[K/opt/ros/dashing/include/rclcpp/node.hpp:1011:3:[m[K [01;36m[Knote: [m[K  in call to â€˜[01m[Krclcpp::Time rclcpp::Node::now()[m[Kâ€™
   [01;36m[Know[m[K();
   [01;36m[K^~~[m[K
make[2]: *** [CMakeFiles/scanner.dir/src/scanner.cpp.o] Error 1
CMakeFiles/scanner.dir/build.make:62: recipe for target 'CMakeFiles/scanner.dir/src/scanner.cpp.o' failed
CMakeFiles/Makefile2:173: recipe for target 'CMakeFiles/scanner.dir/all' failed
make[1]: *** [CMakeFiles/scanner.dir/all] Error 2
Makefile:140: recipe for target 'all' failed
make: *** [all] Error 2
