[0.010s] Invoking command in '/home/vdr/ros2/build/subpub': CMAKE_PREFIX_PATH=${CMAKE_PREFIX_PATH}:/opt/ros/dashing /usr/bin/cmake --build /home/vdr/ros2/build/subpub -- -j8 -l8
[0.047s] [35m[1mScanning dependencies of target scanner[0m
[0.064s] [ 66%] Built target talker
[0.065s] [ 66%] Built target listener
[0.072s] [ 83%] [32mBuilding CXX object CMakeFiles/scanner.dir/src/scanner.cpp.o[0m
[0.785s] [01m[K/home/vdr/ros2/src/subpub/src/scanner.cpp:[m[K In member function â€˜[01m[Kvoid Poggers::topic_callback(sensor_msgs::msg::LaserScan_<std::allocator<void> >::SharedPtr) const[m[Kâ€™:
[0.785s] [01m[K/home/vdr/ros2/src/subpub/src/scanner.cpp:33:49:[m[K [01;31m[Kerror: [m[Kpassing â€˜[01m[Kconst Poggers[m[Kâ€™ as â€˜[01m[Kthis[m[Kâ€™ argument discards qualifiers [[01;31m[K-fpermissive[m[K]
[0.785s]          marker.header.stamp = rclcpp::Node::now([01;31m[K)[m[K;
[0.785s]                                                  [01;31m[K^[m[K
[0.786s] In file included from [01m[K/opt/ros/dashing/include/rclcpp/executors/single_threaded_executor.hpp:28:0[m[K,
[0.786s]                  from [01m[K/opt/ros/dashing/include/rclcpp/executors.hpp:22[m[K,
[0.786s]                  from [01m[K/opt/ros/dashing/include/rclcpp/rclcpp.hpp:144[m[K,
[0.786s]                  from [01m[K/home/vdr/ros2/src/subpub/src/scanner.cpp:5[m[K:
[0.786s] [01m[K/opt/ros/dashing/include/rclcpp/node.hpp:1011:3:[m[K [01;36m[Knote: [m[K  in call to â€˜[01m[Krclcpp::Time rclcpp::Node::now()[m[Kâ€™
[0.786s]    [01;36m[Know[m[K();
[0.786s]    [01;36m[K^~~[m[K
[1.337s] make[2]: *** [CMakeFiles/scanner.dir/src/scanner.cpp.o] Error 1
[1.338s] CMakeFiles/scanner.dir/build.make:62: recipe for target 'CMakeFiles/scanner.dir/src/scanner.cpp.o' failed
[1.338s] CMakeFiles/Makefile2:173: recipe for target 'CMakeFiles/scanner.dir/all' failed
[1.338s] make[1]: *** [CMakeFiles/scanner.dir/all] Error 2
[1.338s] Makefile:140: recipe for target 'all' failed
[1.338s] make: *** [all] Error 2
[1.340s] Invoked command in '/home/vdr/ros2/build/subpub' returned '2': CMAKE_PREFIX_PATH=${CMAKE_PREFIX_PATH}:/opt/ros/dashing /usr/bin/cmake --build /home/vdr/ros2/build/subpub -- -j8 -l8
