[01m[K/home/vdr/ros2/src/subpub/src/scanner.cpp:52:0:[m[K [01;31m[Kerror: [m[Kunterminated argument list invoking macro "RCLCPP_INFO"
 }
 
[01m[K/home/vdr/ros2/src/subpub/src/scanner.cpp:20:22:[m[K [01;31m[Kerror: [m[KISO C++ forbids declaration of â€˜[01m[KMinimalPublisher[m[Kâ€™ with no type [[01;31m[K-fpermissive[m[K]
     MinimalPublisher([01;31m[K)[m[K
                      [01;31m[K^[m[K
[01m[K/home/vdr/ros2/src/subpub/src/scanner.cpp:39:9:[m[K [01;31m[Kerror: [m[Kexpected â€˜[01m[K}[m[Kâ€™ at end of input
         [01;31m[KRCLCPP_INFO[m[K(this->get_logger(), "Publishing: '%f'", message.data;
         [01;31m[K^~~~~~~~~~~[m[K
[01m[K/home/vdr/ros2/src/subpub/src/scanner.cpp:[m[K In member function â€˜[01m[Kint MinimalSubscriber::MinimalPublisher()[m[Kâ€™:
[01m[K/home/vdr/ros2/src/subpub/src/scanner.cpp:21:15:[m[K [01;31m[Kerror: [m[Konly constructors take member initializers
             : [01;31m[KNode[m[K("minimal_publisher"), count_(0)
               [01;31m[K^~~~[m[K
[01m[K/home/vdr/ros2/src/subpub/src/scanner.cpp:21:42:[m[K [01;31m[Kerror: [m[Kclass â€˜[01m[KMinimalSubscriber[m[Kâ€™ does not have any field named â€˜[01m[Kcount_[m[Kâ€™
             : Node("minimal_publisher"), [01;31m[Kcount_[m[K(0)
                                          [01;31m[K^~~~~~[m[K
[01m[K/home/vdr/ros2/src/subpub/src/scanner.cpp:23:9:[m[K [01;31m[Kerror: [m[Kâ€˜[01m[Kpublisher_[m[Kâ€™ was not declared in this scope
         [01;31m[Kpublisher_[m[K = this->create_publisher<sensor_msgs::msg::LaserScan>("topic", 10);
         [01;31m[K^~~~~~~~~~[m[K
[01m[K/home/vdr/ros2/src/subpub/src/scanner.cpp:23:9:[m[K [01;36m[Knote: [m[Ksuggested alternative: â€˜[01m[Krcl_publisher_t[m[Kâ€™
         [01;36m[Kpublisher_[m[K = this->create_publisher<sensor_msgs::msg::LaserScan>("topic", 10);
         [01;36m[K^~~~~~~~~~[m[K
         [32m[Krcl_publisher_t[m[K
[01m[K/home/vdr/ros2/src/subpub/src/scanner.cpp:24:9:[m[K [01;31m[Kerror: [m[Kâ€˜[01m[Ktimer_[m[Kâ€™ was not declared in this scope
         [01;31m[Ktimer_[m[K = this->create_wall_timer(
         [01;31m[K^~~~~~[m[K
[01m[K/home/vdr/ros2/src/subpub/src/scanner.cpp:24:9:[m[K [01;36m[Knote: [m[Ksuggested alternative: â€˜[01m[Ktimer_t[m[Kâ€™
         [01;36m[Ktimer_[m[K = this->create_wall_timer(
         [01;36m[K^~~~~~[m[K
         [32m[Ktimer_t[m[K
[01m[K/home/vdr/ros2/src/subpub/src/scanner.cpp:25:35:[m[K [01;31m[Kerror: [m[Kâ€˜[01m[KMinimalPublisher[m[Kâ€™ is not a class, namespace, or enumeration
                 500ms, std::bind(&[01;31m[KMinimalPublisher[m[K::timer_callback, this));
                                   [01;31m[K^~~~~~~~~~~~~~~~[m[K
[01m[K/home/vdr/ros2/src/subpub/src/scanner.cpp:26:5:[m[K [01;35m[Kwarning: [m[Kno return statement in function returning non-void [[01;35m[K-Wreturn-type[m[K]
     [01;35m[K}[m[K
     [01;35m[K^[m[K
[01m[K/home/vdr/ros2/src/subpub/src/scanner.cpp:[m[K In member function â€˜[01m[Kvoid MinimalSubscriber::timer_callback()[m[Kâ€™:
[01m[K/home/vdr/ros2/src/subpub/src/scanner.cpp:38:17:[m[K [01;31m[Kerror: [m[Kâ€˜[01m[Kstruct sensor_msgs::msg::LaserScan_<std::allocator<void> >[m[Kâ€™ has no member named â€˜[01m[Kdata[m[Kâ€™
         message.[01;31m[Kdata[m[K = scan->ranges[179];
                 [01;31m[K^~~~[m[K
[01m[K/home/vdr/ros2/src/subpub/src/scanner.cpp:38:24:[m[K [01;31m[Kerror: [m[Kâ€˜[01m[Kscan[m[Kâ€™ was not declared in this scope
         message.data = [01;31m[Kscan[m[K->ranges[179];
                        [01;31m[K^~~~[m[K
[01m[K/home/vdr/ros2/src/subpub/src/scanner.cpp:38:24:[m[K [01;36m[Knote: [m[Ksuggested alternative: â€˜[01m[Kscanf[m[Kâ€™
         message.data = [01;36m[Kscan[m[K->ranges[179];
                        [01;36m[K^~~~[m[K
                        [32m[Kscanf[m[K
[01m[K/home/vdr/ros2/src/subpub/src/scanner.cpp:39:9:[m[K [01;31m[Kerror: [m[Kâ€˜[01m[KRCLCPP_INFO[m[Kâ€™ was not declared in this scope
         [01;31m[KRCLCPP_INFO[m[K(this->get_logger(), "Publishing: '%f'", message.data;
         [01;31m[K^~~~~~~~~~~[m[K
[01m[K/home/vdr/ros2/src/subpub/src/scanner.cpp:39:9:[m[K [01;31m[Kerror: [m[Kexpected â€˜[01m[K}[m[Kâ€™ at end of input
[01m[K/home/vdr/ros2/src/subpub/src/scanner.cpp:[m[K At global scope:
[01m[K/home/vdr/ros2/src/subpub/src/scanner.cpp:39:9:[m[K [01;31m[Kerror: [m[Kexpected unqualified-id at end of input
make[2]: *** [CMakeFiles/scanner.dir/src/scanner.cpp.o] Error 1
make[1]: *** [CMakeFiles/scanner.dir/all] Error 2
make: *** [all] Error 2
