[0.010s] Invoking command in '/home/vdr/ros2/build/subpub': CMAKE_PREFIX_PATH=/opt/ros/dashing /usr/bin/cmake --build /home/vdr/ros2/build/subpub -- -j8 -l8
[0.047s] [35m[1mScanning dependencies of target scanner[0m
[0.059s] [ 66%] Built target talker
[0.059s] [ 66%] Built target listener
[0.066s] [ 83%] [32mBuilding CXX object CMakeFiles/scanner.dir/src/scanner.cpp.o[0m
[0.123s] [01m[K/home/vdr/ros2/src/subpub/src/scanner.cpp:52:0:[m[K [01;31m[Kerror: [m[Kunterminated argument list invoking macro "RCLCPP_INFO"
[0.123s]  }
[0.123s]  
[0.765s] [01m[K/home/vdr/ros2/src/subpub/src/scanner.cpp:20:22:[m[K [01;31m[Kerror: [m[KISO C++ forbids declaration of â€˜[01m[KMinimalPublisher[m[Kâ€™ with no type [[01;31m[K-fpermissive[m[K]
[0.765s]      MinimalPublisher([01;31m[K)[m[K
[0.765s]                       [01;31m[K^[m[K
[0.777s] [01m[K/home/vdr/ros2/src/subpub/src/scanner.cpp:39:9:[m[K [01;31m[Kerror: [m[Kexpected â€˜[01m[K}[m[Kâ€™ at end of input
[0.777s]          [01;31m[KRCLCPP_INFO[m[K(this->get_logger(), "Publishing: '%f'", message.data;
[0.777s]          [01;31m[K^~~~~~~~~~~[m[K
[0.791s] [01m[K/home/vdr/ros2/src/subpub/src/scanner.cpp:[m[K In member function â€˜[01m[Kint MinimalSubscriber::MinimalPublisher()[m[Kâ€™:
[0.791s] [01m[K/home/vdr/ros2/src/subpub/src/scanner.cpp:21:15:[m[K [01;31m[Kerror: [m[Konly constructors take member initializers
[0.791s]              : [01;31m[KNode[m[K("minimal_publisher"), count_(0)
[0.791s]                [01;31m[K^~~~[m[K
[0.791s] [01m[K/home/vdr/ros2/src/subpub/src/scanner.cpp:21:42:[m[K [01;31m[Kerror: [m[Kclass â€˜[01m[KMinimalSubscriber[m[Kâ€™ does not have any field named â€˜[01m[Kcount_[m[Kâ€™
[0.791s]              : Node("minimal_publisher"), [01;31m[Kcount_[m[K(0)
[0.791s]                                           [01;31m[K^~~~~~[m[K
[0.792s] [01m[K/home/vdr/ros2/src/subpub/src/scanner.cpp:23:9:[m[K [01;31m[Kerror: [m[Kâ€˜[01m[Kpublisher_[m[Kâ€™ was not declared in this scope
[0.792s]          [01;31m[Kpublisher_[m[K = this->create_publisher<sensor_msgs::msg::LaserScan>("topic", 10);
[0.792s]          [01;31m[K^~~~~~~~~~[m[K
[0.792s] [01m[K/home/vdr/ros2/src/subpub/src/scanner.cpp:23:9:[m[K [01;36m[Knote: [m[Ksuggested alternative: â€˜[01m[Krcl_publisher_t[m[Kâ€™
[0.792s]          [01;36m[Kpublisher_[m[K = this->create_publisher<sensor_msgs::msg::LaserScan>("topic", 10);
[0.793s]          [01;36m[K^~~~~~~~~~[m[K
[0.793s]          [32m[Krcl_publisher_t[m[K
[0.796s] [01m[K/home/vdr/ros2/src/subpub/src/scanner.cpp:24:9:[m[K [01;31m[Kerror: [m[Kâ€˜[01m[Ktimer_[m[Kâ€™ was not declared in this scope
[0.796s]          [01;31m[Ktimer_[m[K = this->create_wall_timer(
[0.796s]          [01;31m[K^~~~~~[m[K
[0.798s] [01m[K/home/vdr/ros2/src/subpub/src/scanner.cpp:24:9:[m[K [01;36m[Knote: [m[Ksuggested alternative: â€˜[01m[Ktimer_t[m[Kâ€™
[0.798s]          [01;36m[Ktimer_[m[K = this->create_wall_timer(
[0.798s]          [01;36m[K^~~~~~[m[K
[0.798s]          [32m[Ktimer_t[m[K
[0.798s] [01m[K/home/vdr/ros2/src/subpub/src/scanner.cpp:25:35:[m[K [01;31m[Kerror: [m[Kâ€˜[01m[KMinimalPublisher[m[Kâ€™ is not a class, namespace, or enumeration
[0.798s]                  500ms, std::bind(&[01;31m[KMinimalPublisher[m[K::timer_callback, this));
[0.798s]                                    [01;31m[K^~~~~~~~~~~~~~~~[m[K
[0.798s] [01m[K/home/vdr/ros2/src/subpub/src/scanner.cpp:26:5:[m[K [01;35m[Kwarning: [m[Kno return statement in function returning non-void [[01;35m[K-Wreturn-type[m[K]
[0.798s]      [01;35m[K}[m[K
[0.798s]      [01;35m[K^[m[K
[0.800s] [01m[K/home/vdr/ros2/src/subpub/src/scanner.cpp:[m[K In member function â€˜[01m[Kvoid MinimalSubscriber::timer_callback()[m[Kâ€™:
[0.801s] [01m[K/home/vdr/ros2/src/subpub/src/scanner.cpp:38:17:[m[K [01;31m[Kerror: [m[Kâ€˜[01m[Kstruct sensor_msgs::msg::LaserScan_<std::allocator<void> >[m[Kâ€™ has no member named â€˜[01m[Kdata[m[Kâ€™
[0.801s]          message.[01;31m[Kdata[m[K = scan->ranges[179];
[0.801s]                  [01;31m[K^~~~[m[K
[0.801s] [01m[K/home/vdr/ros2/src/subpub/src/scanner.cpp:38:24:[m[K [01;31m[Kerror: [m[Kâ€˜[01m[Kscan[m[Kâ€™ was not declared in this scope
[0.801s]          message.data = [01;31m[Kscan[m[K->ranges[179];
[0.801s]                         [01;31m[K^~~~[m[K
[0.801s] [01m[K/home/vdr/ros2/src/subpub/src/scanner.cpp:38:24:[m[K [01;36m[Knote: [m[Ksuggested alternative: â€˜[01m[Kscanf[m[Kâ€™
[0.801s]          message.data = [01;36m[Kscan[m[K->ranges[179];
[0.801s]                         [01;36m[K^~~~[m[K
[0.801s]                         [32m[Kscanf[m[K
[0.801s] [01m[K/home/vdr/ros2/src/subpub/src/scanner.cpp:39:9:[m[K [01;31m[Kerror: [m[Kâ€˜[01m[KRCLCPP_INFO[m[Kâ€™ was not declared in this scope
[0.801s]          [01;31m[KRCLCPP_INFO[m[K(this->get_logger(), "Publishing: '%f'", message.data;
[0.801s]          [01;31m[K^~~~~~~~~~~[m[K
[0.802s] [01m[K/home/vdr/ros2/src/subpub/src/scanner.cpp:39:9:[m[K [01;31m[Kerror: [m[Kexpected â€˜[01m[K}[m[Kâ€™ at end of input
[0.803s] [01m[K/home/vdr/ros2/src/subpub/src/scanner.cpp:[m[K At global scope:
[0.803s] [01m[K/home/vdr/ros2/src/subpub/src/scanner.cpp:39:9:[m[K [01;31m[Kerror: [m[Kexpected unqualified-id at end of input
[1.344s] make[2]: *** [CMakeFiles/scanner.dir/src/scanner.cpp.o] Error 1
[1.344s] CMakeFiles/scanner.dir/build.make:62: recipe for target 'CMakeFiles/scanner.dir/src/scanner.cpp.o' failed
[1.344s] make[1]: *** [CMakeFiles/scanner.dir/all] Error 2
[1.345s] make: *** [all] Error 2
[1.345s] CMakeFiles/Makefile2:173: recipe for target 'CMakeFiles/scanner.dir/all' failed
[1.345s] Makefile:140: recipe for target 'all' failed
[1.348s] Invoked command in '/home/vdr/ros2/build/subpub' returned '2': CMAKE_PREFIX_PATH=/opt/ros/dashing /usr/bin/cmake --build /home/vdr/ros2/build/subpub -- -j8 -l8
