[0.011s] Invoking command in '/home/vdr/ros2/build/subpub': CMAKE_PREFIX_PATH=/opt/ros/dashing /usr/bin/cmake --build /home/vdr/ros2/build/subpub -- -j8 -l8
[0.033s] -- Found ament_cmake: 0.7.5 (/opt/ros/dashing/share/ament_cmake/cmake)
[0.053s] -- Using PYTHON_EXECUTABLE: /usr/bin/python3
[0.197s] -- Found rclcpp: 0.7.14 (/opt/ros/dashing/share/rclcpp/cmake)
[0.207s] -- Found rosidl_adapter: 0.7.9 (/opt/ros/dashing/share/rosidl_adapter/cmake)
[0.232s] -- Found rmw_implementation_cmake: 0.7.2 (/opt/ros/dashing/share/rmw_implementation_cmake/cmake)
[0.233s] -- Using RMW implementation 'rmw_fastrtps_cpp' as default
[0.252s] -- Found std_msgs: 0.7.0 (/opt/ros/dashing/share/std_msgs/cmake)
[0.256s] -- Found sensor_msgs: 0.7.0 (/opt/ros/dashing/share/sensor_msgs/cmake)
[0.372s] -- Configuring done
[0.841s] -- Generating done
[0.842s] -- Build files have been written to: /home/vdr/ros2/build/subpub
[0.865s] [35m[1mScanning dependencies of target scanner[0m
[0.877s] [ 33%] Built target talker
[0.880s] [ 66%] Built target listener
[1.215s] [ 83%] [32mBuilding CXX object CMakeFiles/scanner.dir/src/scanner.cpp.o[0m
[2.047s] [01m[K/home/vdr/ros2/src/subpub/src/scanner.cpp:10:23:[m[K [01;31m[Kerror: [m[KISO C++ forbids declaration of â€˜[01m[KMinimalSubscriber[m[Kâ€™ with no type [[01;31m[K-fpermissive[m[K]
[2.047s]      MinimalSubscriber([01;31m[K)[m[K
[2.047s]                        [01;31m[K^[m[K
[2.047s] [01m[K/home/vdr/ros2/src/subpub/src/scanner.cpp:16:22:[m[K [01;31m[Kerror: [m[KISO C++ forbids declaration of â€˜[01m[KMinimalPublisher[m[Kâ€™ with no type [[01;31m[K-fpermissive[m[K]
[2.047s]      MinimalPublisher([01;31m[K)[m[K
[2.048s]                       [01;31m[K^[m[K
[2.059s] [01m[K/home/vdr/ros2/src/subpub/src/scanner.cpp:39:38:[m[K [01;31m[Kerror: [m[Kâ€˜[01m[KString[m[Kâ€™ is not a member of â€˜[01m[Kstd_msgs::msg[m[Kâ€™
[2.059s]      rclcpp::Publisher<std_msgs::msg::[01;31m[KString[m[K>::SharedPtr publisher_;
[2.059s]                                       [01;31m[K^~~~~~[m[K
[2.059s] [01m[K/home/vdr/ros2/src/subpub/src/scanner.cpp:39:38:[m[K [01;31m[Kerror: [m[Kâ€˜[01m[KString[m[Kâ€™ is not a member of â€˜[01m[Kstd_msgs::msg[m[Kâ€™
[2.059s] [01m[K/home/vdr/ros2/src/subpub/src/scanner.cpp:39:44:[m[K [01;31m[Kerror: [m[Ktemplate argument 1 is invalid
[2.059s]      rclcpp::Publisher<std_msgs::msg::String[01;31m[K>[m[K::SharedPtr publisher_;
[2.060s]                                             [01;31m[K^[m[K
[2.060s] [01m[K/home/vdr/ros2/src/subpub/src/scanner.cpp:39:47:[m[K [01;31m[Kerror: [m[Kexpected â€˜[01m[K;[m[Kâ€™ at end of member declaration
[2.060s]      rclcpp::Publisher<std_msgs::msg::String>::[01;31m[KSharedPtr[m[K publisher_;
[2.060s]                                                [01;31m[K^~~~~~~~~[m[K
[2.086s] [01m[K/home/vdr/ros2/src/subpub/src/scanner.cpp:39:57:[m[K [01;31m[Kerror: [m[Kâ€˜[01m[Kpublisher_[m[Kâ€™ does not name a type; did you mean â€˜[01m[Krcl_publisher_t[m[Kâ€™?
[2.086s]      rclcpp::Publisher<std_msgs::msg::String>::SharedPtr [01;31m[Kpublisher_[m[K;
[2.086s]                                                          [01;31m[K^~~~~~~~~~[m[K
[2.086s]                                                          [32m[Krcl_publisher_t[m[K
[2.087s] [01m[K/home/vdr/ros2/src/subpub/src/scanner.cpp:[m[K In member function â€˜[01m[Kint Poggers::MinimalSubscriber()[m[Kâ€™:
[2.087s] [01m[K/home/vdr/ros2/src/subpub/src/scanner.cpp:11:15:[m[K [01;31m[Kerror: [m[Konly constructors take member initializers
[2.087s]              : [01;31m[KNode[m[K("minimal_subscriber")
[2.087s]                [01;31m[K^~~~[m[K
[2.087s] [01m[K/home/vdr/ros2/src/subpub/src/scanner.cpp:14:44:[m[K [01;31m[Kerror: [m[Kâ€˜[01m[KMinimalSubscriber[m[Kâ€™ is not a class, namespace, or enumeration
[2.087s]                  "averages", 10, std::bind(&[01;31m[KMinimalSubscriber[m[K::topic_callback, this, _1));
[2.087s]                                             [01;31m[K^~~~~~~~~~~~~~~~~[m[K
[2.087s] [01m[K/home/vdr/ros2/src/subpub/src/scanner.cpp:15:5:[m[K [01;35m[Kwarning: [m[Kno return statement in function returning non-void [[01;35m[K-Wreturn-type[m[K]
[2.087s]      [01;35m[K}[m[K
[2.087s]      [01;35m[K^[m[K
[2.087s] [01m[K/home/vdr/ros2/src/subpub/src/scanner.cpp:[m[K In member function â€˜[01m[Kint Poggers::MinimalPublisher()[m[Kâ€™:
[2.088s] [01m[K/home/vdr/ros2/src/subpub/src/scanner.cpp:17:15:[m[K [01;31m[Kerror: [m[Konly constructors take member initializers
[2.088s]              : [01;31m[KNode[m[K("minimal_publisher"), count_(0)
[2.088s]                [01;31m[K^~~~[m[K
[2.088s] [01m[K/home/vdr/ros2/src/subpub/src/scanner.cpp:19:9:[m[K [01;31m[Kerror: [m[Kâ€˜[01m[Kpublisher_[m[Kâ€™ was not declared in this scope
[2.088s]          [01;31m[Kpublisher_[m[K = this->create_publisher<sensor_msgs::msg::LaserScan>("newscan", 10);
[2.088s]          [01;31m[K^~~~~~~~~~[m[K
[2.088s] [01m[K/home/vdr/ros2/src/subpub/src/scanner.cpp:19:9:[m[K [01;36m[Knote: [m[Ksuggested alternative: â€˜[01m[Krcl_publisher_t[m[Kâ€™
[2.088s]          [01;36m[Kpublisher_[m[K = this->create_publisher<sensor_msgs::msg::LaserScan>("newscan", 10);
[2.088s]          [01;36m[K^~~~~~~~~~[m[K
[2.089s]          [32m[Krcl_publisher_t[m[K
[2.094s] [01m[K/home/vdr/ros2/src/subpub/src/scanner.cpp:21:17:[m[K [01;31m[Kerror: [m[Kunable to find numeric literal operator â€˜[01m[Koperator""ms[m[Kâ€™
[2.094s]                  [01;31m[K500ms[m[K, std::bind(&MinimalPublisher::timer_callback, this));
[2.094s]                  [01;31m[K^~~~~[m[K
[2.094s] [01m[K/home/vdr/ros2/src/subpub/src/scanner.cpp:21:35:[m[K [01;31m[Kerror: [m[Kâ€˜[01m[KMinimalPublisher[m[Kâ€™ is not a class, namespace, or enumeration
[2.094s]                  500ms, std::bind(&[01;31m[KMinimalPublisher[m[K::timer_callback, this));
[2.095s]                                    [01;31m[K^~~~~~~~~~~~~~~~[m[K
[2.095s] [01m[K/home/vdr/ros2/src/subpub/src/scanner.cpp:22:5:[m[K [01;35m[Kwarning: [m[Kno return statement in function returning non-void [[01;35m[K-Wreturn-type[m[K]
[2.095s]      [01;35m[K}[m[K
[2.095s]      [01;35m[K^[m[K
[2.097s] [01m[K/home/vdr/ros2/src/subpub/src/scanner.cpp:[m[K In member function â€˜[01m[Kvoid Poggers::timer_callback()[m[Kâ€™:
[2.097s] [01m[K/home/vdr/ros2/src/subpub/src/scanner.cpp:34:17:[m[K [01;31m[Kerror: [m[Kâ€˜[01m[Kstruct sensor_msgs::msg::LaserScan_<std::allocator<void> >[m[Kâ€™ has no member named â€˜[01m[Kdata[m[Kâ€™
[2.097s]          message.[01;31m[Kdata[m[K = scan->ranges[179];
[2.097s]                  [01;31m[K^~~~[m[K
[2.097s] [01m[K/home/vdr/ros2/src/subpub/src/scanner.cpp:34:24:[m[K [01;31m[Kerror: [m[Kâ€˜[01m[Kscan[m[Kâ€™ was not declared in this scope
[2.097s]          message.data = [01;31m[Kscan[m[K->ranges[179];
[2.097s]                         [01;31m[K^~~~[m[K
[2.098s] [01m[K/home/vdr/ros2/src/subpub/src/scanner.cpp:34:24:[m[K [01;36m[Knote: [m[Ksuggested alternative: â€˜[01m[Kscanf[m[Kâ€™
[2.098s]          message.data = [01;36m[Kscan[m[K->ranges[179];
[2.098s]                         [01;36m[K^~~~[m[K
[2.098s]                         [32m[Kscanf[m[K
[2.098s] In file included from [01m[K/opt/ros/dashing/include/rclcpp/client.hpp:39:0[m[K,
[2.098s]                  from [01m[K/opt/ros/dashing/include/rclcpp/callback_group.hpp:23[m[K,
[2.098s]                  from [01m[K/opt/ros/dashing/include/rclcpp/any_executable.hpp:20[m[K,
[2.098s]                  from [01m[K/opt/ros/dashing/include/rclcpp/memory_strategy.hpp:24[m[K,
[2.099s]                  from [01m[K/opt/ros/dashing/include/rclcpp/memory_strategies.hpp:18[m[K,
[2.099s]                  from [01m[K/opt/ros/dashing/include/rclcpp/executor.hpp:33[m[K,
[2.099s]                  from [01m[K/opt/ros/dashing/include/rclcpp/executors/multi_threaded_executor.hpp:24[m[K,
[2.099s]                  from [01m[K/opt/ros/dashing/include/rclcpp/executors.hpp:21[m[K,
[2.099s]                  from [01m[K/opt/ros/dashing/include/rclcpp/rclcpp.hpp:144[m[K,
[2.099s]                  from [01m[K/home/vdr/ros2/src/subpub/src/scanner.cpp:2[m[K:
[2.099s] [01m[K/home/vdr/ros2/src/subpub/src/scanner.cpp:35:69:[m[K [01;31m[Kerror: [m[Kâ€˜[01m[Kstruct sensor_msgs::msg::LaserScan_<std::allocator<void> >[m[Kâ€™ has no member named â€˜[01m[Kdata[m[Kâ€™
[2.099s]          RCLCPP_INFO(this->get_logger(), "Publishing: '%s'", message.[01;31m[Kd[m[Kata);
[2.099s]                                                                      [01;31m[K^[m[K
[2.099s] [01m[K/opt/ros/dashing/include/rcutils/logging_macros.h:72:64:[m[K [01;36m[Knote: [m[Kin definition of macro â€˜[01m[KRCUTILS_LOG_COND_NAMED[m[Kâ€™
[2.099s]        rcutils_log(&__rcutils_logging_location, severity, name, [01;36m[K__VA_ARGS__[m[K); \
[2.100s]                                                                 [01;36m[K^~~~~~~~~~~[m[K
[2.100s] [01m[K/opt/ros/dashing/include/rclcpp/logging.hpp:218:5:[m[K [01;36m[Knote: [m[Kin expansion of macro â€˜[01m[KRCUTILS_LOG_INFO_NAMED[m[Kâ€™
[2.100s]      [01;36m[KRCUTILS_LOG_INFO_NAMED[m[K( \
[2.100s]      [01;36m[K^~~~~~~~~~~~~~~~~~~~~~[m[K
[2.100s] [01m[K/opt/ros/dashing/include/rclcpp/logging.hpp:221:9:[m[K [01;36m[Knote: [m[Kin expansion of macro â€˜[01m[KRCLCPP_ALL_BUT_FIRST_ARGS[m[Kâ€™
[2.100s]          [01;36m[KRCLCPP_ALL_BUT_FIRST_ARGS[m[K(__VA_ARGS__,"")); \
[2.100s]          [01;36m[K^~~~~~~~~~~~~~~~~~~~~~~~~[m[K
[2.100s] [01m[K/home/vdr/ros2/src/subpub/src/scanner.cpp:35:9:[m[K [01;36m[Knote: [m[Kin expansion of macro â€˜[01m[KRCLCPP_INFO[m[Kâ€™
[2.100s]          [01;36m[KRCLCPP_INFO[m[K(this->get_logger(), "Publishing: '%s'", message.data);
[2.101s]          [01;36m[K^~~~~~~~~~~[m[K
[2.101s] [01m[K/home/vdr/ros2/src/subpub/src/scanner.cpp:36:9:[m[K [01;31m[Kerror: [m[Kâ€˜[01m[Kpublisher_[m[Kâ€™ was not declared in this scope
[2.101s]          [01;31m[Kpublisher_[m[K->publish(message);
[2.101s]          [01;31m[K^~~~~~~~~~[m[K
[2.101s] [01m[K/home/vdr/ros2/src/subpub/src/scanner.cpp:36:9:[m[K [01;36m[Knote: [m[Ksuggested alternative: â€˜[01m[Krcl_publisher_t[m[Kâ€™
[2.101s]          [01;36m[Kpublisher_[m[K->publish(message);
[2.101s]          [01;36m[K^~~~~~~~~~[m[K
[2.101s]          [32m[Krcl_publisher_t[m[K
[2.103s] [01m[K/home/vdr/ros2/src/subpub/src/scanner.cpp:[m[K In function â€˜[01m[Kint main(int, char**)[m[Kâ€™:
[2.104s] [01m[K/home/vdr/ros2/src/subpub/src/scanner.cpp:50:13:[m[K [01;31m[Kerror: [m[Kuse of deleted function â€˜[01m[KPoggers::Poggers()[m[Kâ€™
[2.104s]      Poggers [01;31m[KP[m[K;
[2.104s]              [01;31m[K^[m[K
[2.104s] [01m[K/home/vdr/ros2/src/subpub/src/scanner.cpp:7:7:[m[K [01;36m[Knote: [m[Kâ€˜[01m[KPoggers::Poggers()[m[Kâ€™ is implicitly deleted because the default definition would be ill-formed:
[2.104s]  class [01;36m[KPoggers[m[K: public rclcpp::Node
[2.104s]        [01;36m[K^~~~~~~[m[K
[2.104s] [01m[K/home/vdr/ros2/src/subpub/src/scanner.cpp:7:7:[m[K [01;31m[Kerror: [m[Kno matching function for call to â€˜[01m[Krclcpp::Node::Node()[m[Kâ€™
[2.104s] In file included from [01m[K/opt/ros/dashing/include/rclcpp/executors/single_threaded_executor.hpp:28:0[m[K,
[2.104s]                  from [01m[K/opt/ros/dashing/include/rclcpp/executors.hpp:22[m[K,
[2.105s]                  from [01m[K/opt/ros/dashing/include/rclcpp/rclcpp.hpp:144[m[K,
[2.105s]                  from [01m[K/home/vdr/ros2/src/subpub/src/scanner.cpp:2[m[K:
[2.105s] [01m[K/opt/ros/dashing/include/rclcpp/node.hpp:1188:3:[m[K [01;36m[Knote: [m[Kcandidate: rclcpp::Node::Node(const rclcpp::Node&, const string&)
[2.105s]    [01;36m[KNode[m[K(
[2.105s]    [01;36m[K^~~~[m[K
[2.105s] [01m[K/opt/ros/dashing/include/rclcpp/node.hpp:1188:3:[m[K [01;36m[Knote: [m[K  candidate expects 2 arguments, 0 provided
[2.105s] [01m[K/opt/ros/dashing/include/rclcpp/node.hpp:94:12:[m[K [01;36m[Knote: [m[Kcandidate: rclcpp::Node::Node(const string&, const string&, const rclcpp::NodeOptions&)
[2.105s]    explicit [01;36m[KNode[m[K(
[2.105s]             [01;36m[K^~~~[m[K
[2.106s] [01m[K/opt/ros/dashing/include/rclcpp/node.hpp:94:12:[m[K [01;36m[Knote: [m[K  candidate expects 3 arguments, 0 provided
[2.106s] [01m[K/opt/ros/dashing/include/rclcpp/node.hpp:83:12:[m[K [01;36m[Knote: [m[Kcandidate: rclcpp::Node::Node(const string&, const rclcpp::NodeOptions&)
[2.106s]    explicit [01;36m[KNode[m[K(
[2.106s]             [01;36m[K^~~~[m[K
[2.106s] [01m[K/opt/ros/dashing/include/rclcpp/node.hpp:83:12:[m[K [01;36m[Knote: [m[K  candidate expects 2 arguments, 0 provided
[2.106s] [01m[K/home/vdr/ros2/src/subpub/src/scanner.cpp:55:18:[m[K [01;31m[Kerror: [m[Kno matching function for call to â€˜[01m[Kspin()[m[Kâ€™
[2.106s]      rclcpp::spin([01;31m[K)[m[K
[2.107s]                   [01;31m[K^[m[K
[2.107s] In file included from [01m[K/opt/ros/dashing/include/rclcpp/rclcpp.hpp:144:0[m[K,
[2.107s]                  from [01m[K/home/vdr/ros2/src/subpub/src/scanner.cpp:2[m[K:
[2.107s] [01m[K/opt/ros/dashing/include/rclcpp/executors.hpp:44:1:[m[K [01;36m[Knote: [m[Kcandidate: void rclcpp::spin(rclcpp::node_interfaces::NodeBaseInterface::SharedPtr)
[2.107s]  [01;36m[Kspin[m[K(rclcpp::node_interfaces::NodeBaseInterface::SharedPtr node_ptr);
[2.107s]  [01;36m[K^~~~[m[K
[2.107s] [01m[K/opt/ros/dashing/include/rclcpp/executors.hpp:44:1:[m[K [01;36m[Knote: [m[K  candidate expects 1 argument, 0 provided
[2.107s] [01m[K/opt/ros/dashing/include/rclcpp/executors.hpp:48:1:[m[K [01;36m[Knote: [m[Kcandidate: void rclcpp::spin(rclcpp::Node::SharedPtr)
[2.107s]  [01;36m[Kspin[m[K(rclcpp::Node::SharedPtr node_ptr);
[2.108s]  [01;36m[K^~~~[m[K
[2.108s] [01m[K/opt/ros/dashing/include/rclcpp/executors.hpp:48:1:[m[K [01;36m[Knote: [m[K  candidate expects 1 argument, 0 provided
[2.350s] make[2]: *** [CMakeFiles/scanner.dir/src/scanner.cpp.o] Error 1
[2.350s] CMakeFiles/scanner.dir/build.make:62: recipe for target 'CMakeFiles/scanner.dir/src/scanner.cpp.o' failed
[2.350s] make[1]: *** [CMakeFiles/scanner.dir/all] Error 2
[2.351s] CMakeFiles/Makefile2:173: recipe for target 'CMakeFiles/scanner.dir/all' failed
[2.351s] Makefile:140: recipe for target 'all' failed
[2.351s] make: *** [all] Error 2
[2.352s] Invoked command in '/home/vdr/ros2/build/subpub' returned '2': CMAKE_PREFIX_PATH=/opt/ros/dashing /usr/bin/cmake --build /home/vdr/ros2/build/subpub -- -j8 -l8
