[0.068s] Invoking command in '/home/frederik/git/20gr560/ros_ws/src/build/tpod_driver': /usr/bin/cmake /home/frederik/git/20gr560/ros_ws/src/tpod_driver-master -DCATKIN_INSTALL_INTO_PREFIX_ROOT=0 -DCMAKE_INSTALL_PREFIX=/home/frederik/git/20gr560/ros_ws/src/install/tpod_driver
[0.432s] -- The C compiler identification is GNU 9.3.0
[0.684s] -- The CXX compiler identification is GNU 9.3.0
[0.711s] -- Check for working C compiler: /usr/bin/cc
[0.879s] -- Check for working C compiler: /usr/bin/cc -- works
[0.883s] -- Detecting C compiler ABI info
[1.061s] -- Detecting C compiler ABI info - done
[1.080s] -- Detecting C compile features
[1.081s] -- Detecting C compile features - done
[1.087s] -- Check for working CXX compiler: /usr/bin/c++
[1.261s] -- Check for working CXX compiler: /usr/bin/c++ -- works
[1.263s] -- Detecting CXX compiler ABI info
[1.456s] -- Detecting CXX compiler ABI info - done
[1.478s] -- Detecting CXX compile features
[1.479s] -- Detecting CXX compile features - done
[1.520s] CMake Error at CMakeLists.txt:10 (find_package):
[1.520s]   By not providing "Findcatkin.cmake" in CMAKE_MODULE_PATH this project has
[1.520s]   asked CMake to find a package configuration file provided by "catkin", but
[1.520s]   CMake did not find one.
[1.520s] 
[1.520s]   Could not find a package configuration file provided by "catkin" with any
[1.521s]   of the following names:
[1.521s] 
[1.521s]     catkinConfig.cmake
[1.521s]     catkin-config.cmake
[1.521s] 
[1.521s]   Add the installation prefix of "catkin" to CMAKE_PREFIX_PATH or set
[1.521s]   "catkin_DIR" to a directory containing one of the above files.  If "catkin"
[1.522s]   provides a separate development package or SDK, be sure it has been
[1.522s]   installed.
[1.522s] 
[1.522s] 
[1.522s] -- Configuring incomplete, errors occurred!
[1.522s] See also "/home/frederik/git/20gr560/ros_ws/src/build/tpod_driver/CMakeFiles/CMakeOutput.log".
[1.525s] Invoked command in '/home/frederik/git/20gr560/ros_ws/src/build/tpod_driver' returned '1': /usr/bin/cmake /home/frederik/git/20gr560/ros_ws/src/tpod_driver-master -DCATKIN_INSTALL_INTO_PREFIX_ROOT=0 -DCMAKE_INSTALL_PREFIX=/home/frederik/git/20gr560/ros_ws/src/install/tpod_driver
[1.560s] Traceback (most recent call last):
  File "/usr/lib/python3/dist-packages/colcon_core/executor/__init__.py", line 91, in __call__
    rc = await self.task(*args, **kwargs)
  File "/usr/lib/python3/dist-packages/colcon_core/task/__init__.py", line 93, in __call__
    return await task_method(*args, **kwargs)
  File "/usr/lib/python3/dist-packages/colcon_ros/task/catkin/build.py", line 82, in build
    if await has_target(args.build_base, 'install'):
  File "/usr/lib/python3/dist-packages/colcon_cmake/task/cmake/__init__.py", line 57, in has_target
    return target in await get_makefile_targets(path)
  File "/usr/lib/python3/dist-packages/colcon_cmake/task/cmake/__init__.py", line 77, in get_makefile_targets
    output = await check_output([
  File "/usr/lib/python3/dist-packages/colcon_core/subprocess.py", line 109, in check_output
    assert not rc, \
AssertionError: Expected ['/usr/bin/cmake', '--build', '/home/frederik/git/20gr560/ros_ws/src/build/tpod_driver', '--target', 'help'] to pass: make: *** No rule to make target 'help'.  Stop.

