[35m[1mScanning dependencies of target scanner[0m
[ 33%] Built target talker
[ 66%] Built target listener
[ 83%] [32mBuilding CXX object CMakeFiles/scanner.dir/src/scanner.cpp.o[0m
[01m[K/home/vdr/ros2/src/subpub/src/scanner.cpp:[m[K In member function â€˜[01m[Kvoid Poggers::topic_callback(sensor_msgs::msg::LaserScan_<std::allocator<void> >::SharedPtr) const[m[Kâ€™:
[01m[K/home/vdr/ros2/src/subpub/src/scanner.cpp:33:45:[m[K [01;31m[Kerror: [m[Kâ€˜[01m[KNow[m[Kâ€™ is not a member of â€˜[01m[Krclcpp::Node[m[Kâ€™
         marker.header.stamp = rclcpp::Node::[01;31m[KNow[m[K();
                                             [01;31m[K^~~[m[K
CMakeFiles/scanner.dir/build.make:62: recipe for target 'CMakeFiles/scanner.dir/src/scanner.cpp.o' failed
make[2]: *** [CMakeFiles/scanner.dir/src/scanner.cpp.o] Error 1
CMakeFiles/Makefile2:173: recipe for target 'CMakeFiles/scanner.dir/all' failed
make[1]: *** [CMakeFiles/scanner.dir/all] Error 2
Makefile:140: recipe for target 'all' failed
make: *** [all] Error 2
