[0.013s] Invoking command in '/home/vdr/ros2/build/subpub': CMAKE_PREFIX_PATH=${CMAKE_PREFIX_PATH}:/opt/ros/dashing /usr/bin/cmake --build /home/vdr/ros2/build/subpub -- -j8 -l8
[0.048s] [35m[1mScanning dependencies of target scanner[0m
[0.060s] [ 66%] Built target listener
[0.060s] [ 66%] Built target talker
[0.066s] [ 83%] [32mBuilding CXX object CMakeFiles/scanner.dir/src/scanner.cpp.o[0m
[0.761s] In file included from [01m[K/opt/ros/dashing/include/rclcpp/service.hpp:33:0[m[K,
[0.761s]                  from [01m[K/opt/ros/dashing/include/rclcpp/callback_group.hpp:25[m[K,
[0.762s]                  from [01m[K/opt/ros/dashing/include/rclcpp/any_executable.hpp:20[m[K,
[0.762s]                  from [01m[K/opt/ros/dashing/include/rclcpp/memory_strategy.hpp:24[m[K,
[0.762s]                  from [01m[K/opt/ros/dashing/include/rclcpp/memory_strategies.hpp:18[m[K,
[0.762s]                  from [01m[K/opt/ros/dashing/include/rclcpp/executor.hpp:33[m[K,
[0.762s]                  from [01m[K/opt/ros/dashing/include/rclcpp/executors/multi_threaded_executor.hpp:24[m[K,
[0.762s]                  from [01m[K/opt/ros/dashing/include/rclcpp/executors.hpp:21[m[K,
[0.762s]                  from [01m[K/opt/ros/dashing/include/rclcpp/rclcpp.hpp:144[m[K,
[0.762s]                  from [01m[K/home/vdr/ros2/src/subpub/src/scanner.cpp:5[m[K:
[0.762s] [01m[K/opt/ros/dashing/include/rclcpp/logging.hpp:213:3:[m[K [01;31m[Kerror: [m[Kexpected unqualified-id before â€˜[01m[Kdo[m[Kâ€™
[0.762s]    [01;31m[Kd[m[Ko { \
[0.762s]    [01;31m[K^[m[K
[0.762s] [01m[K/home/vdr/ros2/src/subpub/src/scanner.cpp:31:5:[m[K [01;36m[Knote: [m[Kin expansion of macro â€˜[01m[KRCLCPP_INFO[m[Kâ€™
[0.762s]      [01;36m[KRCLCPP_INFO[m[K(this->get_logger(), "Publishing: '%f'", message.ranges[179]);
[0.762s]      [01;36m[K^~~~~~~~~~~[m[K
[0.762s] [01m[K/opt/ros/dashing/include/rclcpp/logging.hpp:222:5:[m[K [01;31m[Kerror: [m[Kexpected unqualified-id before â€˜[01m[Kwhile[m[Kâ€™
[0.762s]    } [01;31m[Kw[m[Khile (0)
[0.762s]      [01;31m[K^[m[K
[0.762s] [01m[K/home/vdr/ros2/src/subpub/src/scanner.cpp:31:5:[m[K [01;36m[Knote: [m[Kin expansion of macro â€˜[01m[KRCLCPP_INFO[m[Kâ€™
[0.763s]      [01;36m[KRCLCPP_INFO[m[K(this->get_logger(), "Publishing: '%f'", message.ranges[179]);
[0.763s]      [01;36m[K^~~~~~~~~~~[m[K
[1.355s] CMakeFiles/scanner.dir/build.make:62: recipe for target 'CMakeFiles/scanner.dir/src/scanner.cpp.o' failed
[1.356s] make[2]: *** [CMakeFiles/scanner.dir/src/scanner.cpp.o] Error 1
[1.356s] make[1]: *** [CMakeFiles/scanner.dir/all] Error 2
[1.356s] CMakeFiles/Makefile2:173: recipe for target 'CMakeFiles/scanner.dir/all' failed
[1.356s] Makefile:140: recipe for target 'all' failed
[1.356s] make: *** [all] Error 2
[1.357s] Invoked command in '/home/vdr/ros2/build/subpub' returned '2': CMAKE_PREFIX_PATH=${CMAKE_PREFIX_PATH}:/opt/ros/dashing /usr/bin/cmake --build /home/vdr/ros2/build/subpub -- -j8 -l8
