[0.012s] Invoking command in '/home/vdr/ros2/build/subpub': CMAKE_PREFIX_PATH=${CMAKE_PREFIX_PATH}:/opt/ros/dashing /usr/bin/cmake --build /home/vdr/ros2/build/subpub -- -j8 -l8
[0.050s] [35m[1mScanning dependencies of target scanner[0m
[0.060s] [ 33%] Built target listener
[0.063s] [ 66%] Built target talker
[0.070s] [ 83%] [32mBuilding CXX object CMakeFiles/scanner.dir/src/scanner.cpp.o[0m
[0.787s] [01m[K/home/vdr/ros2/src/subpub/src/scanner.cpp:[m[K In member function â€˜[01m[Kvoid Poggers::topic_callback(sensor_msgs::msg::LaserScan_<std::allocator<void> >::SharedPtr) const[m[Kâ€™:
[0.787s] [01m[K/home/vdr/ros2/src/subpub/src/scanner.cpp:33:31:[m[K [01;31m[Kerror: [m[Kâ€˜[01m[Kros2[m[Kâ€™ has not been declared
[0.787s]          marker.header.stamp = [01;31m[Kros2[m[K::Time();
[0.787s]                                [01;31m[K^~~~[m[K
[1.332s] make[2]: *** [CMakeFiles/scanner.dir/src/scanner.cpp.o] Error 1
[1.332s] CMakeFiles/scanner.dir/build.make:62: recipe for target 'CMakeFiles/scanner.dir/src/scanner.cpp.o' failed
[1.332s] CMakeFiles/Makefile2:173: recipe for target 'CMakeFiles/scanner.dir/all' failed
[1.333s] Makefile:140: recipe for target 'all' failed
[1.333s] make[1]: *** [CMakeFiles/scanner.dir/all] Error 2
[1.333s] make: *** [all] Error 2
[1.334s] Invoked command in '/home/vdr/ros2/build/subpub' returned '2': CMAKE_PREFIX_PATH=${CMAKE_PREFIX_PATH}:/opt/ros/dashing /usr/bin/cmake --build /home/vdr/ros2/build/subpub -- -j8 -l8
