[01m[K/home/vdr/ros2/src/subpub/src/scanner.cpp:10:23:[m[K [01;31m[Kerror: [m[KISO C++ forbids declaration of â€˜[01m[KMinimalSubscriber[m[Kâ€™ with no type [[01;31m[K-fpermissive[m[K]
     MinimalSubscriber([01;31m[K)[m[K
                       [01;31m[K^[m[K
[01m[K/home/vdr/ros2/src/subpub/src/scanner.cpp:16:22:[m[K [01;31m[Kerror: [m[KISO C++ forbids declaration of â€˜[01m[KMinimalPublisher[m[Kâ€™ with no type [[01;31m[K-fpermissive[m[K]
     MinimalPublisher([01;31m[K)[m[K
                      [01;31m[K^[m[K
[01m[K/home/vdr/ros2/src/subpub/src/scanner.cpp:39:38:[m[K [01;31m[Kerror: [m[Kâ€˜[01m[KString[m[Kâ€™ is not a member of â€˜[01m[Kstd_msgs::msg[m[Kâ€™
     rclcpp::Publisher<std_msgs::msg::[01;31m[KString[m[K>::SharedPtr publisher_;
                                      [01;31m[K^~~~~~[m[K
[01m[K/home/vdr/ros2/src/subpub/src/scanner.cpp:39:38:[m[K [01;31m[Kerror: [m[Kâ€˜[01m[KString[m[Kâ€™ is not a member of â€˜[01m[Kstd_msgs::msg[m[Kâ€™
[01m[K/home/vdr/ros2/src/subpub/src/scanner.cpp:39:44:[m[K [01;31m[Kerror: [m[Ktemplate argument 1 is invalid
     rclcpp::Publisher<std_msgs::msg::String[01;31m[K>[m[K::SharedPtr publisher_;
                                            [01;31m[K^[m[K
[01m[K/home/vdr/ros2/src/subpub/src/scanner.cpp:39:47:[m[K [01;31m[Kerror: [m[Kexpected â€˜[01m[K;[m[Kâ€™ at end of member declaration
     rclcpp::Publisher<std_msgs::msg::String>::[01;31m[KSharedPtr[m[K publisher_;
                                               [01;31m[K^~~~~~~~~[m[K
[01m[K/home/vdr/ros2/src/subpub/src/scanner.cpp:39:57:[m[K [01;31m[Kerror: [m[Kâ€˜[01m[Kpublisher_[m[Kâ€™ does not name a type; did you mean â€˜[01m[Krcl_publisher_t[m[Kâ€™?
     rclcpp::Publisher<std_msgs::msg::String>::SharedPtr [01;31m[Kpublisher_[m[K;
                                                         [01;31m[K^~~~~~~~~~[m[K
                                                         [32m[Krcl_publisher_t[m[K
[01m[K/home/vdr/ros2/src/subpub/src/scanner.cpp:[m[K In member function â€˜[01m[Kint Poggers::MinimalSubscriber()[m[Kâ€™:
[01m[K/home/vdr/ros2/src/subpub/src/scanner.cpp:11:15:[m[K [01;31m[Kerror: [m[Konly constructors take member initializers
             : [01;31m[KNode[m[K("minimal_subscriber")
               [01;31m[K^~~~[m[K
[01m[K/home/vdr/ros2/src/subpub/src/scanner.cpp:14:44:[m[K [01;31m[Kerror: [m[Kâ€˜[01m[KMinimalSubscriber[m[Kâ€™ is not a class, namespace, or enumeration
                 "averages", 10, std::bind(&[01;31m[KMinimalSubscriber[m[K::topic_callback, this, _1));
                                            [01;31m[K^~~~~~~~~~~~~~~~~[m[K
[01m[K/home/vdr/ros2/src/subpub/src/scanner.cpp:15:5:[m[K [01;35m[Kwarning: [m[Kno return statement in function returning non-void [[01;35m[K-Wreturn-type[m[K]
     [01;35m[K}[m[K
     [01;35m[K^[m[K
[01m[K/home/vdr/ros2/src/subpub/src/scanner.cpp:[m[K In member function â€˜[01m[Kint Poggers::MinimalPublisher()[m[Kâ€™:
[01m[K/home/vdr/ros2/src/subpub/src/scanner.cpp:17:15:[m[K [01;31m[Kerror: [m[Konly constructors take member initializers
             : [01;31m[KNode[m[K("minimal_publisher"), count_(0)
               [01;31m[K^~~~[m[K
[01m[K/home/vdr/ros2/src/subpub/src/scanner.cpp:19:9:[m[K [01;31m[Kerror: [m[Kâ€˜[01m[Kpublisher_[m[Kâ€™ was not declared in this scope
         [01;31m[Kpublisher_[m[K = this->create_publisher<sensor_msgs::msg::LaserScan>("newscan", 10);
         [01;31m[K^~~~~~~~~~[m[K
[01m[K/home/vdr/ros2/src/subpub/src/scanner.cpp:19:9:[m[K [01;36m[Knote: [m[Ksuggested alternative: â€˜[01m[Krcl_publisher_t[m[Kâ€™
         [01;36m[Kpublisher_[m[K = this->create_publisher<sensor_msgs::msg::LaserScan>("newscan", 10);
         [01;36m[K^~~~~~~~~~[m[K
         [32m[Krcl_publisher_t[m[K
[01m[K/home/vdr/ros2/src/subpub/src/scanner.cpp:21:17:[m[K [01;31m[Kerror: [m[Kunable to find numeric literal operator â€˜[01m[Koperator""ms[m[Kâ€™
                 [01;31m[K500ms[m[K, std::bind(&MinimalPublisher::timer_callback, this));
                 [01;31m[K^~~~~[m[K
[01m[K/home/vdr/ros2/src/subpub/src/scanner.cpp:21:35:[m[K [01;31m[Kerror: [m[Kâ€˜[01m[KMinimalPublisher[m[Kâ€™ is not a class, namespace, or enumeration
                 500ms, std::bind(&[01;31m[KMinimalPublisher[m[K::timer_callback, this));
                                   [01;31m[K^~~~~~~~~~~~~~~~[m[K
[01m[K/home/vdr/ros2/src/subpub/src/scanner.cpp:22:5:[m[K [01;35m[Kwarning: [m[Kno return statement in function returning non-void [[01;35m[K-Wreturn-type[m[K]
     [01;35m[K}[m[K
     [01;35m[K^[m[K
[01m[K/home/vdr/ros2/src/subpub/src/scanner.cpp:[m[K In member function â€˜[01m[Kvoid Poggers::timer_callback()[m[Kâ€™:
[01m[K/home/vdr/ros2/src/subpub/src/scanner.cpp:34:17:[m[K [01;31m[Kerror: [m[Kâ€˜[01m[Kstruct sensor_msgs::msg::LaserScan_<std::allocator<void> >[m[Kâ€™ has no member named â€˜[01m[Kdata[m[Kâ€™
         message.[01;31m[Kdata[m[K = scan->ranges[179];
                 [01;31m[K^~~~[m[K
[01m[K/home/vdr/ros2/src/subpub/src/scanner.cpp:34:24:[m[K [01;31m[Kerror: [m[Kâ€˜[01m[Kscan[m[Kâ€™ was not declared in this scope
         message.data = [01;31m[Kscan[m[K->ranges[179];
                        [01;31m[K^~~~[m[K
[01m[K/home/vdr/ros2/src/subpub/src/scanner.cpp:34:24:[m[K [01;36m[Knote: [m[Ksuggested alternative: â€˜[01m[Kscanf[m[Kâ€™
         message.data = [01;36m[Kscan[m[K->ranges[179];
                        [01;36m[K^~~~[m[K
                        [32m[Kscanf[m[K
In file included from [01m[K/opt/ros/dashing/include/rclcpp/client.hpp:39:0[m[K,
                 from [01m[K/opt/ros/dashing/include/rclcpp/callback_group.hpp:23[m[K,
                 from [01m[K/opt/ros/dashing/include/rclcpp/any_executable.hpp:20[m[K,
                 from [01m[K/opt/ros/dashing/include/rclcpp/memory_strategy.hpp:24[m[K,
                 from [01m[K/opt/ros/dashing/include/rclcpp/memory_strategies.hpp:18[m[K,
                 from [01m[K/opt/ros/dashing/include/rclcpp/executor.hpp:33[m[K,
                 from [01m[K/opt/ros/dashing/include/rclcpp/executors/multi_threaded_executor.hpp:24[m[K,
                 from [01m[K/opt/ros/dashing/include/rclcpp/executors.hpp:21[m[K,
                 from [01m[K/opt/ros/dashing/include/rclcpp/rclcpp.hpp:144[m[K,
                 from [01m[K/home/vdr/ros2/src/subpub/src/scanner.cpp:2[m[K:
[01m[K/home/vdr/ros2/src/subpub/src/scanner.cpp:35:69:[m[K [01;31m[Kerror: [m[Kâ€˜[01m[Kstruct sensor_msgs::msg::LaserScan_<std::allocator<void> >[m[Kâ€™ has no member named â€˜[01m[Kdata[m[Kâ€™
         RCLCPP_INFO(this->get_logger(), "Publishing: '%s'", message.[01;31m[Kd[m[Kata);
                                                                     [01;31m[K^[m[K
[01m[K/opt/ros/dashing/include/rcutils/logging_macros.h:72:64:[m[K [01;36m[Knote: [m[Kin definition of macro â€˜[01m[KRCUTILS_LOG_COND_NAMED[m[Kâ€™
       rcutils_log(&__rcutils_logging_location, severity, name, [01;36m[K__VA_ARGS__[m[K); \
                                                                [01;36m[K^~~~~~~~~~~[m[K
[01m[K/opt/ros/dashing/include/rclcpp/logging.hpp:218:5:[m[K [01;36m[Knote: [m[Kin expansion of macro â€˜[01m[KRCUTILS_LOG_INFO_NAMED[m[Kâ€™
     [01;36m[KRCUTILS_LOG_INFO_NAMED[m[K( \
     [01;36m[K^~~~~~~~~~~~~~~~~~~~~~[m[K
[01m[K/opt/ros/dashing/include/rclcpp/logging.hpp:221:9:[m[K [01;36m[Knote: [m[Kin expansion of macro â€˜[01m[KRCLCPP_ALL_BUT_FIRST_ARGS[m[Kâ€™
         [01;36m[KRCLCPP_ALL_BUT_FIRST_ARGS[m[K(__VA_ARGS__,"")); \
         [01;36m[K^~~~~~~~~~~~~~~~~~~~~~~~~[m[K
[01m[K/home/vdr/ros2/src/subpub/src/scanner.cpp:35:9:[m[K [01;36m[Knote: [m[Kin expansion of macro â€˜[01m[KRCLCPP_INFO[m[Kâ€™
         [01;36m[KRCLCPP_INFO[m[K(this->get_logger(), "Publishing: '%s'", message.data);
         [01;36m[K^~~~~~~~~~~[m[K
[01m[K/home/vdr/ros2/src/subpub/src/scanner.cpp:36:9:[m[K [01;31m[Kerror: [m[Kâ€˜[01m[Kpublisher_[m[Kâ€™ was not declared in this scope
         [01;31m[Kpublisher_[m[K->publish(message);
         [01;31m[K^~~~~~~~~~[m[K
[01m[K/home/vdr/ros2/src/subpub/src/scanner.cpp:36:9:[m[K [01;36m[Knote: [m[Ksuggested alternative: â€˜[01m[Krcl_publisher_t[m[Kâ€™
         [01;36m[Kpublisher_[m[K->publish(message);
         [01;36m[K^~~~~~~~~~[m[K
         [32m[Krcl_publisher_t[m[K
[01m[K/home/vdr/ros2/src/subpub/src/scanner.cpp:[m[K In function â€˜[01m[Kint main(int, char**)[m[Kâ€™:
[01m[K/home/vdr/ros2/src/subpub/src/scanner.cpp:50:13:[m[K [01;31m[Kerror: [m[Kuse of deleted function â€˜[01m[KPoggers::Poggers()[m[Kâ€™
     Poggers [01;31m[KP[m[K;
             [01;31m[K^[m[K
[01m[K/home/vdr/ros2/src/subpub/src/scanner.cpp:7:7:[m[K [01;36m[Knote: [m[Kâ€˜[01m[KPoggers::Poggers()[m[Kâ€™ is implicitly deleted because the default definition would be ill-formed:
 class [01;36m[KPoggers[m[K: public rclcpp::Node
       [01;36m[K^~~~~~~[m[K
[01m[K/home/vdr/ros2/src/subpub/src/scanner.cpp:7:7:[m[K [01;31m[Kerror: [m[Kno matching function for call to â€˜[01m[Krclcpp::Node::Node()[m[Kâ€™
In file included from [01m[K/opt/ros/dashing/include/rclcpp/executors/single_threaded_executor.hpp:28:0[m[K,
                 from [01m[K/opt/ros/dashing/include/rclcpp/executors.hpp:22[m[K,
                 from [01m[K/opt/ros/dashing/include/rclcpp/rclcpp.hpp:144[m[K,
                 from [01m[K/home/vdr/ros2/src/subpub/src/scanner.cpp:2[m[K:
[01m[K/opt/ros/dashing/include/rclcpp/node.hpp:1188:3:[m[K [01;36m[Knote: [m[Kcandidate: rclcpp::Node::Node(const rclcpp::Node&, const string&)
   [01;36m[KNode[m[K(
   [01;36m[K^~~~[m[K
[01m[K/opt/ros/dashing/include/rclcpp/node.hpp:1188:3:[m[K [01;36m[Knote: [m[K  candidate expects 2 arguments, 0 provided
[01m[K/opt/ros/dashing/include/rclcpp/node.hpp:94:12:[m[K [01;36m[Knote: [m[Kcandidate: rclcpp::Node::Node(const string&, const string&, const rclcpp::NodeOptions&)
   explicit [01;36m[KNode[m[K(
            [01;36m[K^~~~[m[K
[01m[K/opt/ros/dashing/include/rclcpp/node.hpp:94:12:[m[K [01;36m[Knote: [m[K  candidate expects 3 arguments, 0 provided
[01m[K/opt/ros/dashing/include/rclcpp/node.hpp:83:12:[m[K [01;36m[Knote: [m[Kcandidate: rclcpp::Node::Node(const string&, const rclcpp::NodeOptions&)
   explicit [01;36m[KNode[m[K(
            [01;36m[K^~~~[m[K
[01m[K/opt/ros/dashing/include/rclcpp/node.hpp:83:12:[m[K [01;36m[Knote: [m[K  candidate expects 2 arguments, 0 provided
[01m[K/home/vdr/ros2/src/subpub/src/scanner.cpp:55:18:[m[K [01;31m[Kerror: [m[Kno matching function for call to â€˜[01m[Kspin()[m[Kâ€™
     rclcpp::spin([01;31m[K)[m[K;
                  [01;31m[K^[m[K
In file included from [01m[K/opt/ros/dashing/include/rclcpp/rclcpp.hpp:144:0[m[K,
                 from [01m[K/home/vdr/ros2/src/subpub/src/scanner.cpp:2[m[K:
[01m[K/opt/ros/dashing/include/rclcpp/executors.hpp:44:1:[m[K [01;36m[Knote: [m[Kcandidate: void rclcpp::spin(rclcpp::node_interfaces::NodeBaseInterface::SharedPtr)
 [01;36m[Kspin[m[K(rclcpp::node_interfaces::NodeBaseInterface::SharedPtr node_ptr);
 [01;36m[K^~~~[m[K
[01m[K/opt/ros/dashing/include/rclcpp/executors.hpp:44:1:[m[K [01;36m[Knote: [m[K  candidate expects 1 argument, 0 provided
[01m[K/opt/ros/dashing/include/rclcpp/executors.hpp:48:1:[m[K [01;36m[Knote: [m[Kcandidate: void rclcpp::spin(rclcpp::Node::SharedPtr)
 [01;36m[Kspin[m[K(rclcpp::Node::SharedPtr node_ptr);
 [01;36m[K^~~~[m[K
[01m[K/opt/ros/dashing/include/rclcpp/executors.hpp:48:1:[m[K [01;36m[Knote: [m[K  candidate expects 1 argument, 0 provided
make[2]: *** [CMakeFiles/scanner.dir/src/scanner.cpp.o] Error 1
make[1]: *** [CMakeFiles/scanner.dir/all] Error 2
make: *** [all] Error 2
