[01m[K/home/vdr/ros2/src/subpub/src/scanner.cpp:6:10:[m[K [01;31m[Kfatal error: [m[Kglobal.h: No such file or directory
 #include [01;31m[K<global.h>[m[K
          [01;31m[K^~~~~~~~~~[m[K
compilation terminated.
make[2]: *** [CMakeFiles/scanner.dir/src/scanner.cpp.o] Error 1
make[1]: *** [CMakeFiles/scanner.dir/all] Error 2
make: *** [all] Error 2
